ARM GAS  C:\Users\simon\AppData\Local\Temp\ccdnfRrd.s 			page 1


   1              		.cpu cortex-m0plus
   2              		.fpu softvfp
   3              		.eabi_attribute 20, 1
   4              		.eabi_attribute 21, 1
   5              		.eabi_attribute 23, 3
   6              		.eabi_attribute 24, 1
   7              		.eabi_attribute 25, 1
   8              		.eabi_attribute 26, 1
   9              		.eabi_attribute 30, 1
  10              		.eabi_attribute 34, 0
  11              		.eabi_attribute 18, 4
  12              		.code	16
  13              		.file	"ADC_INIT.c"
  14              		.text
  15              	.Ltext0:
  16              		.cfi_sections	.debug_frame
  17              		.global	ADC_InputsPlacement
  18              		.global	ADC_allConfigs
  19              		.section	.rodata
  20              		.align	2
  21              		.type	ADC_InputsPlacement, %object
  22              		.size	ADC_InputsPlacement, 12
  23              	ADC_InputsPlacement:
  24 0000 64006501 		.word	23396452
  25 0004 73004000 		.word	4194419
  26 0008 00004000 		.word	4194304
  27              		.type	ADC_allConfigs, %object
  28              		.size	ADC_allConfigs, 56
  29              	ADC_allConfigs:
  30 000c 00000000 		.word	0
  31 0010 03000000 		.word	3
  32 0014 C02E2010 		.word	270544576
  33 0018 F8000490 		.word	-1878785800
  34 001c 0D000D00 		.word	851981
  35 0020 02000200 		.word	131074
  36 0024 0002000E 		.word	234881536
  37 0028 000000C0 		.word	-1073741824
  38 002c 07000000 		.word	7
  39 0030 00000000 		.word	0
  40 0034 00000000 		.word	0
  41 0038 B0040000 		.word	1200
  42 003c 01000000 		.word	1
  43 0040 0100     		.short	1
  44 0042 0000     		.space	2
  45              		.text
  46              	.Letext0:
  47              		.file 1 ".\\Generated_Source\\PSoC4\\cytypes.h"
  48              		.file 2 ".\\Generated_Source\\PSoC4\\ADC.h"
  49              		.file 3 ".\\Generated_Source\\PSoC4\\ADC_INIT.c"
  50              		.section	.debug_info,"",%progbits
  51              	.Ldebug_info0:
  52 0000 A8010000 		.4byte	0x1a8
  53 0004 0400     		.2byte	0x4
  54 0006 00000000 		.4byte	.Ldebug_abbrev0
  55 000a 04       		.byte	0x4
  56 000b 01       		.uleb128 0x1
  57 000c 99000000 		.4byte	.LASF33
ARM GAS  C:\Users\simon\AppData\Local\Temp\ccdnfRrd.s 			page 2


  58 0010 01       		.byte	0x1
  59 0011 2B000000 		.4byte	.LASF34
  60 0015 0C020000 		.4byte	.LASF35
  61 0019 00000000 		.4byte	.Ldebug_line0
  62 001d 02       		.uleb128 0x2
  63 001e 01       		.byte	0x1
  64 001f 06       		.byte	0x6
  65 0020 5B020000 		.4byte	.LASF0
  66 0024 02       		.uleb128 0x2
  67 0025 01       		.byte	0x1
  68 0026 08       		.byte	0x8
  69 0027 8B000000 		.4byte	.LASF1
  70 002b 02       		.uleb128 0x2
  71 002c 02       		.byte	0x2
  72 002d 05       		.byte	0x5
  73 002e ED010000 		.4byte	.LASF2
  74 0032 02       		.uleb128 0x2
  75 0033 02       		.byte	0x2
  76 0034 07       		.byte	0x7
  77 0035 5C000000 		.4byte	.LASF3
  78 0039 02       		.uleb128 0x2
  79 003a 04       		.byte	0x4
  80 003b 05       		.byte	0x5
  81 003c 03020000 		.4byte	.LASF4
  82 0040 02       		.uleb128 0x2
  83 0041 04       		.byte	0x4
  84 0042 07       		.byte	0x7
  85 0043 38010000 		.4byte	.LASF5
  86 0047 02       		.uleb128 0x2
  87 0048 08       		.byte	0x8
  88 0049 05       		.byte	0x5
  89 004a D3010000 		.4byte	.LASF6
  90 004e 02       		.uleb128 0x2
  91 004f 08       		.byte	0x8
  92 0050 07       		.byte	0x7
  93 0051 A3010000 		.4byte	.LASF7
  94 0055 03       		.uleb128 0x3
  95 0056 04       		.byte	0x4
  96 0057 05       		.byte	0x5
  97 0058 696E7400 		.ascii	"int\000"
  98 005c 02       		.uleb128 0x2
  99 005d 04       		.byte	0x4
 100 005e 07       		.byte	0x7
 101 005f 8A010000 		.4byte	.LASF8
 102 0063 04       		.uleb128 0x4
 103 0064 71010000 		.4byte	.LASF9
 104 0068 01       		.byte	0x1
 105 0069 9901     		.2byte	0x199
 106 006b 32000000 		.4byte	0x32
 107 006f 04       		.uleb128 0x4
 108 0070 78010000 		.4byte	.LASF10
 109 0074 01       		.byte	0x1
 110 0075 9A01     		.2byte	0x19a
 111 0077 40000000 		.4byte	0x40
 112 007b 04       		.uleb128 0x4
 113 007c 4A010000 		.4byte	.LASF11
 114 0080 01       		.byte	0x1
ARM GAS  C:\Users\simon\AppData\Local\Temp\ccdnfRrd.s 			page 3


 115 0081 9D01     		.2byte	0x19d
 116 0083 39000000 		.4byte	0x39
 117 0087 02       		.uleb128 0x2
 118 0088 04       		.byte	0x4
 119 0089 04       		.byte	0x4
 120 008a 85000000 		.4byte	.LASF12
 121 008e 02       		.uleb128 0x2
 122 008f 08       		.byte	0x8
 123 0090 04       		.byte	0x4
 124 0091 6A010000 		.4byte	.LASF13
 125 0095 02       		.uleb128 0x2
 126 0096 01       		.byte	0x1
 127 0097 08       		.byte	0x8
 128 0098 E1010000 		.4byte	.LASF14
 129 009c 02       		.uleb128 0x2
 130 009d 04       		.byte	0x4
 131 009e 07       		.byte	0x7
 132 009f CA010000 		.4byte	.LASF15
 133 00a3 05       		.uleb128 0x5
 134 00a4 38       		.byte	0x38
 135 00a5 02       		.byte	0x2
 136 00a6 5E       		.byte	0x5e
 137 00a7 54010000 		.4byte	0x154
 138 00ab 06       		.uleb128 0x6
 139 00ac 67020000 		.4byte	.LASF16
 140 00b0 02       		.byte	0x2
 141 00b1 60       		.byte	0x60
 142 00b2 6F000000 		.4byte	0x6f
 143 00b6 00       		.byte	0
 144 00b7 06       		.uleb128 0x6
 145 00b8 F7010000 		.4byte	.LASF17
 146 00bc 02       		.byte	0x2
 147 00bd 61       		.byte	0x61
 148 00be 6F000000 		.4byte	0x6f
 149 00c2 04       		.byte	0x4
 150 00c3 06       		.uleb128 0x6
 151 00c4 C5010000 		.4byte	.LASF18
 152 00c8 02       		.byte	0x2
 153 00c9 62       		.byte	0x62
 154 00ca 6F000000 		.4byte	0x6f
 155 00ce 08       		.byte	0x8
 156 00cf 06       		.uleb128 0x6
 157 00d0 7F010000 		.4byte	.LASF19
 158 00d4 02       		.byte	0x2
 159 00d5 65       		.byte	0x65
 160 00d6 6F000000 		.4byte	0x6f
 161 00da 0C       		.byte	0xc
 162 00db 06       		.uleb128 0x6
 163 00dc 1E000000 		.4byte	.LASF20
 164 00e0 02       		.byte	0x2
 165 00e1 66       		.byte	0x66
 166 00e2 6F000000 		.4byte	0x6f
 167 00e6 10       		.byte	0x10
 168 00e7 06       		.uleb128 0x6
 169 00e8 4F000000 		.4byte	.LASF21
 170 00ec 02       		.byte	0x2
 171 00ed 67       		.byte	0x67
ARM GAS  C:\Users\simon\AppData\Local\Temp\ccdnfRrd.s 			page 4


 172 00ee 6F000000 		.4byte	0x6f
 173 00f2 14       		.byte	0x14
 174 00f3 06       		.uleb128 0x6
 175 00f4 BA010000 		.4byte	.LASF22
 176 00f8 02       		.byte	0x2
 177 00f9 68       		.byte	0x68
 178 00fa 6F000000 		.4byte	0x6f
 179 00fe 18       		.byte	0x18
 180 00ff 06       		.uleb128 0x6
 181 0100 00000000 		.4byte	.LASF23
 182 0104 02       		.byte	0x2
 183 0105 69       		.byte	0x69
 184 0106 6F000000 		.4byte	0x6f
 185 010a 1C       		.byte	0x1c
 186 010b 06       		.uleb128 0x6
 187 010c E6010000 		.4byte	.LASF24
 188 0110 02       		.byte	0x2
 189 0111 6A       		.byte	0x6a
 190 0112 6F000000 		.4byte	0x6f
 191 0116 20       		.byte	0x20
 192 0117 06       		.uleb128 0x6
 193 0118 2B010000 		.4byte	.LASF25
 194 011c 02       		.byte	0x2
 195 011d 6B       		.byte	0x6b
 196 011e 6F000000 		.4byte	0x6f
 197 0122 24       		.byte	0x24
 198 0123 06       		.uleb128 0x6
 199 0124 7A000000 		.4byte	.LASF26
 200 0128 02       		.byte	0x2
 201 0129 6C       		.byte	0x6c
 202 012a 6F000000 		.4byte	0x6f
 203 012e 28       		.byte	0x28
 204 012f 06       		.uleb128 0x6
 205 0130 97010000 		.4byte	.LASF27
 206 0134 02       		.byte	0x2
 207 0135 6D       		.byte	0x6d
 208 0136 7B000000 		.4byte	0x7b
 209 013a 2C       		.byte	0x2c
 210 013b 06       		.uleb128 0x6
 211 013c 6F000000 		.4byte	.LASF28
 212 0140 02       		.byte	0x2
 213 0141 6F       		.byte	0x6f
 214 0142 6F000000 		.4byte	0x6f
 215 0146 30       		.byte	0x30
 216 0147 06       		.uleb128 0x6
 217 0148 5F010000 		.4byte	.LASF29
 218 014c 02       		.byte	0x2
 219 014d 76       		.byte	0x76
 220 014e 63000000 		.4byte	0x63
 221 0152 34       		.byte	0x34
 222 0153 00       		.byte	0
 223 0154 07       		.uleb128 0x7
 224 0155 49020000 		.4byte	.LASF30
 225 0159 02       		.byte	0x2
 226 015a 8B       		.byte	0x8b
 227 015b A3000000 		.4byte	0xa3
 228 015f 08       		.uleb128 0x8
ARM GAS  C:\Users\simon\AppData\Local\Temp\ccdnfRrd.s 			page 5


 229 0160 54010000 		.4byte	0x154
 230 0164 6F010000 		.4byte	0x16f
 231 0168 09       		.uleb128 0x9
 232 0169 9C000000 		.4byte	0x9c
 233 016d 00       		.byte	0
 234 016e 00       		.byte	0
 235 016f 0A       		.uleb128 0xa
 236 0170 50010000 		.4byte	.LASF31
 237 0174 03       		.byte	0x3
 238 0175 2A       		.byte	0x2a
 239 0176 80010000 		.4byte	0x180
 240 017a 05       		.uleb128 0x5
 241 017b 03       		.byte	0x3
 242 017c 00000000 		.4byte	ADC_allConfigs
 243 0180 0B       		.uleb128 0xb
 244 0181 5F010000 		.4byte	0x15f
 245 0185 08       		.uleb128 0x8
 246 0186 6F000000 		.4byte	0x6f
 247 018a 95010000 		.4byte	0x195
 248 018e 09       		.uleb128 0x9
 249 018f 9C000000 		.4byte	0x9c
 250 0193 02       		.byte	0x2
 251 0194 00       		.byte	0
 252 0195 0A       		.uleb128 0xa
 253 0196 0A000000 		.4byte	.LASF32
 254 019a 03       		.byte	0x3
 255 019b C9       		.byte	0xc9
 256 019c A6010000 		.4byte	0x1a6
 257 01a0 05       		.uleb128 0x5
 258 01a1 03       		.byte	0x3
 259 01a2 00000000 		.4byte	ADC_InputsPlacement
 260 01a6 0B       		.uleb128 0xb
 261 01a7 85010000 		.4byte	0x185
 262 01ab 00       		.byte	0
 263              		.section	.debug_abbrev,"",%progbits
 264              	.Ldebug_abbrev0:
 265 0000 01       		.uleb128 0x1
 266 0001 11       		.uleb128 0x11
 267 0002 01       		.byte	0x1
 268 0003 25       		.uleb128 0x25
 269 0004 0E       		.uleb128 0xe
 270 0005 13       		.uleb128 0x13
 271 0006 0B       		.uleb128 0xb
 272 0007 03       		.uleb128 0x3
 273 0008 0E       		.uleb128 0xe
 274 0009 1B       		.uleb128 0x1b
 275 000a 0E       		.uleb128 0xe
 276 000b 10       		.uleb128 0x10
 277 000c 17       		.uleb128 0x17
 278 000d 00       		.byte	0
 279 000e 00       		.byte	0
 280 000f 02       		.uleb128 0x2
 281 0010 24       		.uleb128 0x24
 282 0011 00       		.byte	0
 283 0012 0B       		.uleb128 0xb
 284 0013 0B       		.uleb128 0xb
 285 0014 3E       		.uleb128 0x3e
ARM GAS  C:\Users\simon\AppData\Local\Temp\ccdnfRrd.s 			page 6


 286 0015 0B       		.uleb128 0xb
 287 0016 03       		.uleb128 0x3
 288 0017 0E       		.uleb128 0xe
 289 0018 00       		.byte	0
 290 0019 00       		.byte	0
 291 001a 03       		.uleb128 0x3
 292 001b 24       		.uleb128 0x24
 293 001c 00       		.byte	0
 294 001d 0B       		.uleb128 0xb
 295 001e 0B       		.uleb128 0xb
 296 001f 3E       		.uleb128 0x3e
 297 0020 0B       		.uleb128 0xb
 298 0021 03       		.uleb128 0x3
 299 0022 08       		.uleb128 0x8
 300 0023 00       		.byte	0
 301 0024 00       		.byte	0
 302 0025 04       		.uleb128 0x4
 303 0026 16       		.uleb128 0x16
 304 0027 00       		.byte	0
 305 0028 03       		.uleb128 0x3
 306 0029 0E       		.uleb128 0xe
 307 002a 3A       		.uleb128 0x3a
 308 002b 0B       		.uleb128 0xb
 309 002c 3B       		.uleb128 0x3b
 310 002d 05       		.uleb128 0x5
 311 002e 49       		.uleb128 0x49
 312 002f 13       		.uleb128 0x13
 313 0030 00       		.byte	0
 314 0031 00       		.byte	0
 315 0032 05       		.uleb128 0x5
 316 0033 13       		.uleb128 0x13
 317 0034 01       		.byte	0x1
 318 0035 0B       		.uleb128 0xb
 319 0036 0B       		.uleb128 0xb
 320 0037 3A       		.uleb128 0x3a
 321 0038 0B       		.uleb128 0xb
 322 0039 3B       		.uleb128 0x3b
 323 003a 0B       		.uleb128 0xb
 324 003b 01       		.uleb128 0x1
 325 003c 13       		.uleb128 0x13
 326 003d 00       		.byte	0
 327 003e 00       		.byte	0
 328 003f 06       		.uleb128 0x6
 329 0040 0D       		.uleb128 0xd
 330 0041 00       		.byte	0
 331 0042 03       		.uleb128 0x3
 332 0043 0E       		.uleb128 0xe
 333 0044 3A       		.uleb128 0x3a
 334 0045 0B       		.uleb128 0xb
 335 0046 3B       		.uleb128 0x3b
 336 0047 0B       		.uleb128 0xb
 337 0048 49       		.uleb128 0x49
 338 0049 13       		.uleb128 0x13
 339 004a 38       		.uleb128 0x38
 340 004b 0B       		.uleb128 0xb
 341 004c 00       		.byte	0
 342 004d 00       		.byte	0
ARM GAS  C:\Users\simon\AppData\Local\Temp\ccdnfRrd.s 			page 7


 343 004e 07       		.uleb128 0x7
 344 004f 16       		.uleb128 0x16
 345 0050 00       		.byte	0
 346 0051 03       		.uleb128 0x3
 347 0052 0E       		.uleb128 0xe
 348 0053 3A       		.uleb128 0x3a
 349 0054 0B       		.uleb128 0xb
 350 0055 3B       		.uleb128 0x3b
 351 0056 0B       		.uleb128 0xb
 352 0057 49       		.uleb128 0x49
 353 0058 13       		.uleb128 0x13
 354 0059 00       		.byte	0
 355 005a 00       		.byte	0
 356 005b 08       		.uleb128 0x8
 357 005c 01       		.uleb128 0x1
 358 005d 01       		.byte	0x1
 359 005e 49       		.uleb128 0x49
 360 005f 13       		.uleb128 0x13
 361 0060 01       		.uleb128 0x1
 362 0061 13       		.uleb128 0x13
 363 0062 00       		.byte	0
 364 0063 00       		.byte	0
 365 0064 09       		.uleb128 0x9
 366 0065 21       		.uleb128 0x21
 367 0066 00       		.byte	0
 368 0067 49       		.uleb128 0x49
 369 0068 13       		.uleb128 0x13
 370 0069 2F       		.uleb128 0x2f
 371 006a 0B       		.uleb128 0xb
 372 006b 00       		.byte	0
 373 006c 00       		.byte	0
 374 006d 0A       		.uleb128 0xa
 375 006e 34       		.uleb128 0x34
 376 006f 00       		.byte	0
 377 0070 03       		.uleb128 0x3
 378 0071 0E       		.uleb128 0xe
 379 0072 3A       		.uleb128 0x3a
 380 0073 0B       		.uleb128 0xb
 381 0074 3B       		.uleb128 0x3b
 382 0075 0B       		.uleb128 0xb
 383 0076 49       		.uleb128 0x49
 384 0077 13       		.uleb128 0x13
 385 0078 3F       		.uleb128 0x3f
 386 0079 19       		.uleb128 0x19
 387 007a 02       		.uleb128 0x2
 388 007b 18       		.uleb128 0x18
 389 007c 00       		.byte	0
 390 007d 00       		.byte	0
 391 007e 0B       		.uleb128 0xb
 392 007f 26       		.uleb128 0x26
 393 0080 00       		.byte	0
 394 0081 49       		.uleb128 0x49
 395 0082 13       		.uleb128 0x13
 396 0083 00       		.byte	0
 397 0084 00       		.byte	0
 398 0085 00       		.byte	0
 399              		.section	.debug_aranges,"",%progbits
ARM GAS  C:\Users\simon\AppData\Local\Temp\ccdnfRrd.s 			page 8


 400 0000 14000000 		.4byte	0x14
 401 0004 0200     		.2byte	0x2
 402 0006 00000000 		.4byte	.Ldebug_info0
 403 000a 04       		.byte	0x4
 404 000b 00       		.byte	0
 405 000c 0000     		.2byte	0
 406 000e 0000     		.2byte	0
 407 0010 00000000 		.4byte	0
 408 0014 00000000 		.4byte	0
 409              		.section	.debug_line,"",%progbits
 410              	.Ldebug_line0:
 411 0000 56000000 		.section	.debug_str,"MS",%progbits,1
 411      02005000 
 411      00000201 
 411      FB0E0D00 
 411      01010101 
 412              	.LASF23:
 413 0000 72616E67 		.ascii	"rangeCond\000"
 413      65436F6E 
 413      6400
 414              	.LASF32:
 415 000a 4144435F 		.ascii	"ADC_InputsPlacement\000"
 415      496E7075 
 415      7473506C 
 415      6163656D 
 415      656E7400 
 416              	.LASF20:
 417 001e 73616D70 		.ascii	"sampleTime01\000"
 417      6C655469 
 417      6D653031 
 417      00
 418              	.LASF34:
 419 002b 2E5C4765 		.ascii	".\\Generated_Source\\PSoC4\\ADC_INIT.c\000"
 419      6E657261 
 419      7465645F 
 419      536F7572 
 419      63655C50 
 420              	.LASF21:
 421 004f 73616D70 		.ascii	"sampleTime23\000"
 421      6C655469 
 421      6D653233 
 421      00
 422              	.LASF3:
 423 005c 73686F72 		.ascii	"short unsigned int\000"
 423      7420756E 
 423      7369676E 
 423      65642069 
 423      6E7400
 424              	.LASF28:
 425 006f 6D697363 		.ascii	"miscConfig\000"
 425      436F6E66 
 425      696700
 426              	.LASF26:
 427 007a 73617449 		.ascii	"satIntMask\000"
 427      6E744D61 
 427      736B00
 428              	.LASF12:
ARM GAS  C:\Users\simon\AppData\Local\Temp\ccdnfRrd.s 			page 9


 429 0085 666C6F61 		.ascii	"float\000"
 429      7400
 430              	.LASF1:
 431 008b 756E7369 		.ascii	"unsigned char\000"
 431      676E6564 
 431      20636861 
 431      7200
 432              	.LASF33:
 433 0099 474E5520 		.ascii	"GNU C 4.9.3 20150303 (release) [ARM/embedded-4_9-br"
 433      4320342E 
 433      392E3320 
 433      32303135 
 433      30333033 
 434 00cc 616E6368 		.ascii	"anch revision 221220] -mcpu=cortex-m0plus -mthumb -"
 434      20726576 
 434      6973696F 
 434      6E203232 
 434      31323230 
 435 00ff 67202D4F 		.ascii	"g -Og -ffunction-sections -ffat-lto-objects\000"
 435      67202D66 
 435      66756E63 
 435      74696F6E 
 435      2D736563 
 436              	.LASF25:
 437 012b 72616E67 		.ascii	"rangeIntMask\000"
 437      65496E74 
 437      4D61736B 
 437      00
 438              	.LASF5:
 439 0138 6C6F6E67 		.ascii	"long unsigned int\000"
 439      20756E73 
 439      69676E65 
 439      6420696E 
 439      7400
 440              	.LASF11:
 441 014a 696E7433 		.ascii	"int32\000"
 441      3200
 442              	.LASF31:
 443 0150 4144435F 		.ascii	"ADC_allConfigs\000"
 443      616C6C43 
 443      6F6E6669 
 443      677300
 444              	.LASF29:
 445 015f 636C6B44 		.ascii	"clkDivider\000"
 445      69766964 
 445      657200
 446              	.LASF13:
 447 016a 646F7562 		.ascii	"double\000"
 447      6C6500
 448              	.LASF9:
 449 0171 75696E74 		.ascii	"uint16\000"
 449      313600
 450              	.LASF10:
 451 0178 75696E74 		.ascii	"uint32\000"
 451      333200
 452              	.LASF19:
 453 017f 73616D70 		.ascii	"sampleCtrl\000"
ARM GAS  C:\Users\simon\AppData\Local\Temp\ccdnfRrd.s 			page 10


 453      6C654374 
 453      726C00
 454              	.LASF8:
 455 018a 756E7369 		.ascii	"unsigned int\000"
 455      676E6564 
 455      20696E74 
 455      00
 456              	.LASF27:
 457 0197 76726566 		.ascii	"vrefMvValue\000"
 457      4D765661 
 457      6C756500 
 458              	.LASF7:
 459 01a3 6C6F6E67 		.ascii	"long long unsigned int\000"
 459      206C6F6E 
 459      6720756E 
 459      7369676E 
 459      65642069 
 460              	.LASF22:
 461 01ba 72616E67 		.ascii	"rangeThres\000"
 461      65546872 
 461      657300
 462              	.LASF18:
 463 01c5 6374726C 		.ascii	"ctrl\000"
 463      00
 464              	.LASF15:
 465 01ca 73697A65 		.ascii	"sizetype\000"
 465      74797065 
 465      00
 466              	.LASF6:
 467 01d3 6C6F6E67 		.ascii	"long long int\000"
 467      206C6F6E 
 467      6720696E 
 467      7400
 468              	.LASF14:
 469 01e1 63686172 		.ascii	"char\000"
 469      00
 470              	.LASF24:
 471 01e6 6368616E 		.ascii	"chanEn\000"
 471      456E00
 472              	.LASF2:
 473 01ed 73686F72 		.ascii	"short int\000"
 473      7420696E 
 473      7400
 474              	.LASF17:
 475 01f7 6E756D43 		.ascii	"numChannels\000"
 475      68616E6E 
 475      656C7300 
 476              	.LASF4:
 477 0203 6C6F6E67 		.ascii	"long int\000"
 477      20696E74 
 477      00
 478              	.LASF35:
 479 020c 443A5C44 		.ascii	"D:\\Dolgaim\\MCU\\Cypress PSoC\\Git\\Lighting_with_"
 479      6F6C6761 
 479      696D5C4D 
 479      43555C43 
 479      79707265 
ARM GAS  C:\Users\simon\AppData\Local\Temp\ccdnfRrd.s 			page 11


 480 023a 50536F43 		.ascii	"PSoC_ACP.cydsn\000"
 480      5F414350 
 480      2E637964 
 480      736E00
 481              	.LASF30:
 482 0249 4144435F 		.ascii	"ADC_CONFIG_STRUCT\000"
 482      434F4E46 
 482      49475F53 
 482      54525543 
 482      5400
 483              	.LASF0:
 484 025b 7369676E 		.ascii	"signed char\000"
 484      65642063 
 484      68617200 
 485              	.LASF16:
 486 0267 6368616E 		.ascii	"channelBase\000"
 486      6E656C42 
 486      61736500 
 487              		.ident	"GCC: (GNU Tools for ARM Embedded Processors) 4.9.3 20150303 (release) [ARM/embedded-4_9-br
