--------------- Build Started: 02/19/2017 02:17:54 Project: Lighting_with_PSoC_ACP, Configuration: ARM GCC 4.9-2015-q1-update Debug ---------------
cydsfit.exe -.appdatapath "C:\Users\simon\AppData\Local\Cypress Semiconductor\PSoC Creator\3.3" -.fdsnotice -.fdswarpdepfile=warp_dependencies.txt -.fdselabdepfile=elab_dependencies.txt -.fdsbldfile=generated_files.txt -p "D:\Dolgaim\MCU\Cypress PSoC\Git\Lighting_with_PSoC_ACP.cydsn\Lighting_with_PSoC_ACP.cyprj" -d CY8C4A45LQI-483 -s "D:\Dolgaim\MCU\Cypress PSoC\Git\Lighting_with_PSoC_ACP.cydsn\Generated_Source\PSoC4" -- -yv2 -q10 -ygs -o2 -v3 -.fftcfgtype=LE
Elaborating Design...
HDL Generation ...
Synthesis ...
Place and Route ...
Tech mapping ...
Analog Placement ...
Analog Routing ...
Analog Code Generation ...
Digital Placement ...
Digital Routing ...
Info: pft.M0077: There is no timing information available for the selected device. Static timing checks will not be applied and digital routing will not be timing-driven. (App=cydsfit)
Bitstream Generation ...
Static timing analysis ...
API Generation ...
Dependency Generation ...
Clean Temporary Files ...
arm-none-eabi-gcc.exe -mcpu=cortex-m0plus -mthumb -Wno-main -I. -IGenerated_Source\PSoC4 -Wa,-alh=.\CortexM0p\ARM_GCC_493\Debug/main.lst -g -D DEBUG -Wall -ffunction-sections -Og -ffat-lto-objects -c .\main.c -o .\CortexM0p\ARM_GCC_493\Debug\main.o
arm-none-eabi-gcc.exe -mcpu=cortex-m0plus -mthumb -Wno-main -I. -IGenerated_Source\PSoC4 -Wa,-alh=.\CortexM0p\ARM_GCC_493\Debug/cyfitter_cfg.lst -g -D DEBUG -Wall -ffunction-sections -Og -ffat-lto-objects -c .\Generated_Source\PSoC4\cyfitter_cfg.c -o .\CortexM0p\ARM_GCC_493\Debug\cyfitter_cfg.o
arm-none-eabi-gcc.exe -mcpu=cortex-m0plus -mthumb -Wno-main -I. -IGenerated_Source\PSoC4 -Wa,-alh=.\CortexM0p\ARM_GCC_493\Debug/cymetadata.lst -g -D DEBUG -Wall -ffunction-sections -Og -ffat-lto-objects -c .\Generated_Source\PSoC4\cymetadata.c -o .\CortexM0p\ARM_GCC_493\Debug\cymetadata.o
arm-none-eabi-gcc.exe -mcpu=cortex-m0plus -mthumb -Wno-main -I. -IGenerated_Source\PSoC4 -Wa,-alh=.\CortexM0p\ARM_GCC_493\Debug/Clock_1K.lst -g -D DEBUG -Wall -ffunction-sections -Og -ffat-lto-objects -c .\Generated_Source\PSoC4\Clock_1K.c -o .\CortexM0p\ARM_GCC_493\Debug\Clock_1K.o
arm-none-eabi-gcc.exe -mcpu=cortex-m0plus -mthumb -Wno-main -I. -IGenerated_Source\PSoC4 -Wa,-alh=.\CortexM0p\ARM_GCC_493\Debug/LED_STRIP.lst -g -D DEBUG -Wall -ffunction-sections -Og -ffat-lto-objects -c .\Generated_Source\PSoC4\LED_STRIP.c -o .\CortexM0p\ARM_GCC_493\Debug\LED_STRIP.o
arm-none-eabi-gcc.exe -mcpu=cortex-m0plus -mthumb -Wno-main -I. -IGenerated_Source\PSoC4 -Wa,-alh=.\CortexM0p\ARM_GCC_493\Debug/LED_STRIP_PM.lst -g -D DEBUG -Wall -ffunction-sections -Og -ffat-lto-objects -c .\Generated_Source\PSoC4\LED_STRIP_PM.c -o .\CortexM0p\ARM_GCC_493\Debug\LED_STRIP_PM.o
arm-none-eabi-gcc.exe -mcpu=cortex-m0plus -mthumb -Wno-main -I. -IGenerated_Source\PSoC4 -Wa,-alh=.\CortexM0p\ARM_GCC_493\Debug/LED_BLUE.lst -g -D DEBUG -Wall -ffunction-sections -Og -ffat-lto-objects -c .\Generated_Source\PSoC4\LED_BLUE.c -o .\CortexM0p\ARM_GCC_493\Debug\LED_BLUE.o
arm-none-eabi-gcc.exe -mcpu=cortex-m0plus -mthumb -Wno-main -I. -IGenerated_Source\PSoC4 -Wa,-alh=.\CortexM0p\ARM_GCC_493\Debug/LED_BLUE_PM.lst -g -D DEBUG -Wall -ffunction-sections -Og -ffat-lto-objects -c .\Generated_Source\PSoC4\LED_BLUE_PM.c -o .\CortexM0p\ARM_GCC_493\Debug\LED_BLUE_PM.o
arm-none-eabi-gcc.exe -mcpu=cortex-m0plus -mthumb -Wno-main -I. -IGenerated_Source\PSoC4 -Wa,-alh=.\CortexM0p\ARM_GCC_493\Debug/LED_GREEN.lst -g -D DEBUG -Wall -ffunction-sections -Og -ffat-lto-objects -c .\Generated_Source\PSoC4\LED_GREEN.c -o .\CortexM0p\ARM_GCC_493\Debug\LED_GREEN.o
arm-none-eabi-gcc.exe -mcpu=cortex-m0plus -mthumb -Wno-main -I. -IGenerated_Source\PSoC4 -Wa,-alh=.\CortexM0p\ARM_GCC_493\Debug/LED_GREEN_PM.lst -g -D DEBUG -Wall -ffunction-sections -Og -ffat-lto-objects -c .\Generated_Source\PSoC4\LED_GREEN_PM.c -o .\CortexM0p\ARM_GCC_493\Debug\LED_GREEN_PM.o
arm-none-eabi-gcc.exe -mcpu=cortex-m0plus -mthumb -Wno-main -I. -IGenerated_Source\PSoC4 -Wa,-alh=.\CortexM0p\ARM_GCC_493\Debug/LED_RED.lst -g -D DEBUG -Wall -ffunction-sections -Og -ffat-lto-objects -c .\Generated_Source\PSoC4\LED_RED.c -o .\CortexM0p\ARM_GCC_493\Debug\LED_RED.o
arm-none-eabi-gcc.exe -mcpu=cortex-m0plus -mthumb -Wno-main -I. -IGenerated_Source\PSoC4 -Wa,-alh=.\CortexM0p\ARM_GCC_493\Debug/LED_RED_PM.lst -g -D DEBUG -Wall -ffunction-sections -Og -ffat-lto-objects -c .\Generated_Source\PSoC4\LED_RED_PM.c -o .\CortexM0p\ARM_GCC_493\Debug\LED_RED_PM.o
arm-none-eabi-gcc.exe -mcpu=cortex-m0plus -mthumb -Wno-main -I. -IGenerated_Source\PSoC4 -Wa,-alh=.\CortexM0p\ARM_GCC_493\Debug/PWM_LED_STRIP.lst -g -D DEBUG -Wall -ffunction-sections -Og -ffat-lto-objects -c .\Generated_Source\PSoC4\PWM_LED_STRIP.c -o .\CortexM0p\ARM_GCC_493\Debug\PWM_LED_STRIP.o
arm-none-eabi-gcc.exe -mcpu=cortex-m0plus -mthumb -Wno-main -I. -IGenerated_Source\PSoC4 -Wa,-alh=.\CortexM0p\ARM_GCC_493\Debug/PWM_LED_STRIP_PM.lst -g -D DEBUG -Wall -ffunction-sections -Og -ffat-lto-objects -c .\Generated_Source\PSoC4\PWM_LED_STRIP_PM.c -o .\CortexM0p\ARM_GCC_493\Debug\PWM_LED_STRIP_PM.o
arm-none-eabi-gcc.exe -mcpu=cortex-m0plus -mthumb -Wno-main -I. -IGenerated_Source\PSoC4 -Wa,-alh=.\CortexM0p\ARM_GCC_493\Debug/Clock_12M.lst -g -D DEBUG -Wall -ffunction-sections -Og -ffat-lto-objects -c .\Generated_Source\PSoC4\Clock_12M.c -o .\CortexM0p\ARM_GCC_493\Debug\Clock_12M.o
arm-none-eabi-gcc.exe -mcpu=cortex-m0plus -mthumb -Wno-main -I. -IGenerated_Source\PSoC4 -Wa,-alh=.\CortexM0p\ARM_GCC_493\Debug/UART.lst -g -D DEBUG -Wall -ffunction-sections -Og -ffat-lto-objects -c .\Generated_Source\PSoC4\UART.c -o .\CortexM0p\ARM_GCC_493\Debug\UART.o
arm-none-eabi-gcc.exe -mcpu=cortex-m0plus -mthumb -Wno-main -I. -IGenerated_Source\PSoC4 -Wa,-alh=.\CortexM0p\ARM_GCC_493\Debug/UART_SPI_UART.lst -g -D DEBUG -Wall -ffunction-sections -Og -ffat-lto-objects -c .\Generated_Source\PSoC4\UART_SPI_UART.c -o .\CortexM0p\ARM_GCC_493\Debug\UART_SPI_UART.o
arm-none-eabi-gcc.exe -mcpu=cortex-m0plus -mthumb -Wno-main -I. -IGenerated_Source\PSoC4 -Wa,-alh=.\CortexM0p\ARM_GCC_493\Debug/UART_SPI_UART_INT.lst -g -D DEBUG -Wall -ffunction-sections -Og -ffat-lto-objects -c .\Generated_Source\PSoC4\UART_SPI_UART_INT.c -o .\CortexM0p\ARM_GCC_493\Debug\UART_SPI_UART_INT.o
arm-none-eabi-gcc.exe -mcpu=cortex-m0plus -mthumb -Wno-main -I. -IGenerated_Source\PSoC4 -Wa,-alh=.\CortexM0p\ARM_GCC_493\Debug/UART_PM.lst -g -D DEBUG -Wall -ffunction-sections -Og -ffat-lto-objects -c .\Generated_Source\PSoC4\UART_PM.c -o .\CortexM0p\ARM_GCC_493\Debug\UART_PM.o
arm-none-eabi-gcc.exe -mcpu=cortex-m0plus -mthumb -Wno-main -I. -IGenerated_Source\PSoC4 -Wa,-alh=.\CortexM0p\ARM_GCC_493\Debug/UART_UART.lst -g -D DEBUG -Wall -ffunction-sections -Og -ffat-lto-objects -c .\Generated_Source\PSoC4\UART_UART.c -o .\CortexM0p\ARM_GCC_493\Debug\UART_UART.o
arm-none-eabi-gcc.exe -mcpu=cortex-m0plus -mthumb -Wno-main -I. -IGenerated_Source\PSoC4 -Wa,-alh=.\CortexM0p\ARM_GCC_493\Debug/UART_BOOT.lst -g -D DEBUG -Wall -ffunction-sections -Og -ffat-lto-objects -c .\Generated_Source\PSoC4\UART_BOOT.c -o .\CortexM0p\ARM_GCC_493\Debug\UART_BOOT.o
arm-none-eabi-gcc.exe -mcpu=cortex-m0plus -mthumb -Wno-main -I. -IGenerated_Source\PSoC4 -Wa,-alh=.\CortexM0p\ARM_GCC_493\Debug/UART_UART_BOOT.lst -g -D DEBUG -Wall -ffunction-sections -Og -ffat-lto-objects -c .\Generated_Source\PSoC4\UART_UART_BOOT.c -o .\CortexM0p\ARM_GCC_493\Debug\UART_UART_BOOT.o
arm-none-eabi-gcc.exe -mcpu=cortex-m0plus -mthumb -Wno-main -I. -IGenerated_Source\PSoC4 -Wa,-alh=.\CortexM0p\ARM_GCC_493\Debug/UART_SCBCLK.lst -g -D DEBUG -Wall -ffunction-sections -Og -ffat-lto-objects -c .\Generated_Source\PSoC4\UART_SCBCLK.c -o .\CortexM0p\ARM_GCC_493\Debug\UART_SCBCLK.o
arm-none-eabi-gcc.exe -mcpu=cortex-m0plus -mthumb -Wno-main -I. -IGenerated_Source\PSoC4 -Wa,-alh=.\CortexM0p\ARM_GCC_493\Debug/UART_tx.lst -g -D DEBUG -Wall -ffunction-sections -Og -ffat-lto-objects -c .\Generated_Source\PSoC4\UART_tx.c -o .\CortexM0p\ARM_GCC_493\Debug\UART_tx.o
arm-none-eabi-gcc.exe -mcpu=cortex-m0plus -mthumb -Wno-main -I. -IGenerated_Source\PSoC4 -Wa,-alh=.\CortexM0p\ARM_GCC_493\Debug/UART_tx_PM.lst -g -D DEBUG -Wall -ffunction-sections -Og -ffat-lto-objects -c .\Generated_Source\PSoC4\UART_tx_PM.c -o .\CortexM0p\ARM_GCC_493\Debug\UART_tx_PM.o
arm-none-eabi-gcc.exe -mcpu=cortex-m0plus -mthumb -Wno-main -I. -IGenerated_Source\PSoC4 -Wa,-alh=.\CortexM0p\ARM_GCC_493\Debug/UART_rx.lst -g -D DEBUG -Wall -ffunction-sections -Og -ffat-lto-objects -c .\Generated_Source\PSoC4\UART_rx.c -o .\CortexM0p\ARM_GCC_493\Debug\UART_rx.o
arm-none-eabi-gcc.exe -mcpu=cortex-m0plus -mthumb -Wno-main -I. -IGenerated_Source\PSoC4 -Wa,-alh=.\CortexM0p\ARM_GCC_493\Debug/UART_rx_PM.lst -g -D DEBUG -Wall -ffunction-sections -Og -ffat-lto-objects -c .\Generated_Source\PSoC4\UART_rx_PM.c -o .\CortexM0p\ARM_GCC_493\Debug\UART_rx_PM.o
arm-none-eabi-gcc.exe -mcpu=cortex-m0plus -mthumb -Wno-main -I. -IGenerated_Source\PSoC4 -Wa,-alh=.\CortexM0p\ARM_GCC_493\Debug/Cm0plusStart.lst -g -D DEBUG -Wall -ffunction-sections -Og -ffat-lto-objects -c .\Generated_Source\PSoC4\Cm0plusStart.c -o .\CortexM0p\ARM_GCC_493\Debug\Cm0plusStart.o
arm-none-eabi-as.exe -mcpu=cortex-m0plus -mthumb -I. -IGenerated_Source\PSoC4 -alh=.\CortexM0p\ARM_GCC_493\Debug/CyBootAsmGnu.lst -g -W -o .\CortexM0p\ARM_GCC_493\Debug\CyBootAsmGnu.o .\Generated_Source\PSoC4\CyBootAsmGnu.s
arm-none-eabi-gcc.exe -mcpu=cortex-m0plus -mthumb -Wno-main -I. -IGenerated_Source\PSoC4 -Wa,-alh=.\CortexM0p\ARM_GCC_493\Debug/CyFlash.lst -g -D DEBUG -Wall -ffunction-sections -Og -ffat-lto-objects -c .\Generated_Source\PSoC4\CyFlash.c -o .\CortexM0p\ARM_GCC_493\Debug\CyFlash.o
arm-none-eabi-gcc.exe -mcpu=cortex-m0plus -mthumb -Wno-main -I. -IGenerated_Source\PSoC4 -Wa,-alh=.\CortexM0p\ARM_GCC_493\Debug/CyLib.lst -g -D DEBUG -Wall -ffunction-sections -Og -ffat-lto-objects -c .\Generated_Source\PSoC4\CyLib.c -o .\CortexM0p\ARM_GCC_493\Debug\CyLib.o
arm-none-eabi-gcc.exe -mcpu=cortex-m0plus -mthumb -Wno-main -I. -IGenerated_Source\PSoC4 -Wa,-alh=.\CortexM0p\ARM_GCC_493\Debug/cyPm.lst -g -D DEBUG -Wall -ffunction-sections -Og -ffat-lto-objects -c .\Generated_Source\PSoC4\cyPm.c -o .\CortexM0p\ARM_GCC_493\Debug\cyPm.o
arm-none-eabi-gcc.exe -mcpu=cortex-m0plus -mthumb -Wno-main -I. -IGenerated_Source\PSoC4 -Wa,-alh=.\CortexM0p\ARM_GCC_493\Debug/cyutils.lst -g -D DEBUG -Wall -ffunction-sections -Og -ffat-lto-objects -c .\Generated_Source\PSoC4\cyutils.c -o .\CortexM0p\ARM_GCC_493\Debug\cyutils.o
arm-none-eabi-gcc.exe -mcpu=cortex-m0plus -mthumb -Wno-main -I. -IGenerated_Source\PSoC4 -Wa,-alh=.\CortexM0p\ARM_GCC_493\Debug/CyDMA.lst -g -D DEBUG -Wall -ffunction-sections -Og -ffat-lto-objects -c .\Generated_Source\PSoC4\CyDMA.c -o .\CortexM0p\ARM_GCC_493\Debug\CyDMA.o
arm-none-eabi-gcc.exe -mcpu=cortex-m0plus -mthumb -Wno-main -I. -IGenerated_Source\PSoC4 -Wa,-alh=.\CortexM0p\ARM_GCC_493\Debug/CyLFClk.lst -g -D DEBUG -Wall -ffunction-sections -Og -ffat-lto-objects -c .\Generated_Source\PSoC4\CyLFClk.c -o .\CortexM0p\ARM_GCC_493\Debug\CyLFClk.o
arm-none-eabi-gcc.exe -mcpu=cortex-m0plus -mthumb -Wno-main -I. -IGenerated_Source\PSoC4 -Wa,-alh=.\CortexM0p\ARM_GCC_493\Debug/ADC.lst -g -D DEBUG -Wall -ffunction-sections -Og -ffat-lto-objects -c .\Generated_Source\PSoC4\ADC.c -o .\CortexM0p\ARM_GCC_493\Debug\ADC.o
arm-none-eabi-gcc.exe -mcpu=cortex-m0plus -mthumb -Wno-main -I. -IGenerated_Source\PSoC4 -Wa,-alh=.\CortexM0p\ARM_GCC_493\Debug/ADC_PM.lst -g -D DEBUG -Wall -ffunction-sections -Og -ffat-lto-objects -c .\Generated_Source\PSoC4\ADC_PM.c -o .\CortexM0p\ARM_GCC_493\Debug\ADC_PM.o
arm-none-eabi-gcc.exe -mcpu=cortex-m0plus -mthumb -Wno-main -I. -IGenerated_Source\PSoC4 -Wa,-alh=.\CortexM0p\ARM_GCC_493\Debug/ADC_INIT.lst -g -D DEBUG -Wall -ffunction-sections -Og -ffat-lto-objects -c .\Generated_Source\PSoC4\ADC_INIT.c -o .\CortexM0p\ARM_GCC_493\Debug\ADC_INIT.o
arm-none-eabi-gcc.exe -mcpu=cortex-m0plus -mthumb -Wno-main -I. -IGenerated_Source\PSoC4 -Wa,-alh=.\CortexM0p\ARM_GCC_493\Debug/ADC_INT.lst -g -D DEBUG -Wall -ffunction-sections -Og -ffat-lto-objects -c .\Generated_Source\PSoC4\ADC_INT.c -o .\CortexM0p\ARM_GCC_493\Debug\ADC_INT.o
arm-none-eabi-gcc.exe -mcpu=cortex-m0plus -mthumb -Wno-main -I. -IGenerated_Source\PSoC4 -Wa,-alh=.\CortexM0p\ARM_GCC_493\Debug/POT_PIN.lst -g -D DEBUG -Wall -ffunction-sections -Og -ffat-lto-objects -c .\Generated_Source\PSoC4\POT_PIN.c -o .\CortexM0p\ARM_GCC_493\Debug\POT_PIN.o
arm-none-eabi-gcc.exe -mcpu=cortex-m0plus -mthumb -Wno-main -I. -IGenerated_Source\PSoC4 -Wa,-alh=.\CortexM0p\ARM_GCC_493\Debug/POT_PIN_PM.lst -g -D DEBUG -Wall -ffunction-sections -Og -ffat-lto-objects -c .\Generated_Source\PSoC4\POT_PIN_PM.c -o .\CortexM0p\ARM_GCC_493\Debug\POT_PIN_PM.o
arm-none-eabi-gcc.exe -mcpu=cortex-m0plus -mthumb -Wno-main -I. -IGenerated_Source\PSoC4 -Wa,-alh=.\CortexM0p\ARM_GCC_493\Debug/ADC_intSarClock.lst -g -D DEBUG -Wall -ffunction-sections -Og -ffat-lto-objects -c .\Generated_Source\PSoC4\ADC_intSarClock.c -o .\CortexM0p\ARM_GCC_493\Debug\ADC_intSarClock.o
arm-none-eabi-gcc.exe -mcpu=cortex-m0plus -mthumb -Wno-main -I. -IGenerated_Source\PSoC4 -Wa,-alh=.\CortexM0p\ARM_GCC_493\Debug/ADC_IRQ.lst -g -D DEBUG -Wall -ffunction-sections -Og -ffat-lto-objects -c .\Generated_Source\PSoC4\ADC_IRQ.c -o .\CortexM0p\ARM_GCC_493\Debug\ADC_IRQ.o
arm-none-eabi-gcc.exe -mcpu=cortex-m0plus -mthumb -Wno-main -I. -IGenerated_Source\PSoC4 -Wa,-alh=.\CortexM0p\ARM_GCC_493\Debug/ADC_intUabClock.lst -g -D DEBUG -Wall -ffunction-sections -Og -ffat-lto-objects -c .\Generated_Source\PSoC4\ADC_intUabClock.c -o .\CortexM0p\ARM_GCC_493\Debug\ADC_intUabClock.o
arm-none-eabi-gcc.exe -mcpu=cortex-m0plus -mthumb -Wno-main -I. -IGenerated_Source\PSoC4 -Wa,-alh=.\CortexM0p\ARM_GCC_493\Debug/CSD_Control.lst -g -D DEBUG -Wall -ffunction-sections -Og -ffat-lto-objects -c .\Generated_Source\PSoC4\CSD_Control.c -o .\CortexM0p\ARM_GCC_493\Debug\CSD_Control.o
arm-none-eabi-gcc.exe -mcpu=cortex-m0plus -mthumb -Wno-main -I. -IGenerated_Source\PSoC4 -Wa,-alh=.\CortexM0p\ARM_GCC_493\Debug/CSD_Processing.lst -g -D DEBUG -Wall -ffunction-sections -Og -ffat-lto-objects -c .\Generated_Source\PSoC4\CSD_Processing.c -o .\CortexM0p\ARM_GCC_493\Debug\CSD_Processing.o
arm-none-eabi-gcc.exe -mcpu=cortex-m0plus -mthumb -Wno-main -I. -IGenerated_Source\PSoC4 -Wa,-alh=.\CortexM0p\ARM_GCC_493\Debug/CSD_Structure.lst -g -D DEBUG -Wall -ffunction-sections -Og -ffat-lto-objects -c .\Generated_Source\PSoC4\CSD_Structure.c -o .\CortexM0p\ARM_GCC_493\Debug\CSD_Structure.o
arm-none-eabi-gcc.exe -mcpu=cortex-m0plus -mthumb -Wno-main -I. -IGenerated_Source\PSoC4 -Wa,-alh=.\CortexM0p\ARM_GCC_493\Debug/CSD_Tuner.lst -g -D DEBUG -Wall -ffunction-sections -Og -ffat-lto-objects -c .\Generated_Source\PSoC4\CSD_Tuner.c -o .\CortexM0p\ARM_GCC_493\Debug\CSD_Tuner.o
arm-none-eabi-gcc.exe -mcpu=cortex-m0plus -mthumb -Wno-main -I. -IGenerated_Source\PSoC4 -Wa,-alh=.\CortexM0p\ARM_GCC_493\Debug/CSD_Filter.lst -g -D DEBUG -Wall -ffunction-sections -Og -ffat-lto-objects -c .\Generated_Source\PSoC4\CSD_Filter.c -o .\CortexM0p\ARM_GCC_493\Debug\CSD_Filter.o
arm-none-eabi-gcc.exe -mcpu=cortex-m0plus -mthumb -Wno-main -I. -IGenerated_Source\PSoC4 -Wa,-alh=.\CortexM0p\ARM_GCC_493\Debug/CSD_Sensing.lst -g -D DEBUG -Wall -ffunction-sections -Og -ffat-lto-objects -c .\Generated_Source\PSoC4\CSD_Sensing.c -o .\CortexM0p\ARM_GCC_493\Debug\CSD_Sensing.o
arm-none-eabi-gcc.exe -mcpu=cortex-m0plus -mthumb -Wno-main -I. -IGenerated_Source\PSoC4 -Wa,-alh=.\CortexM0p\ARM_GCC_493\Debug/CSD_INT.lst -g -D DEBUG -Wall -ffunction-sections -Og -ffat-lto-objects -c .\Generated_Source\PSoC4\CSD_INT.c -o .\CortexM0p\ARM_GCC_493\Debug\CSD_INT.o
arm-none-eabi-gcc.exe -mcpu=cortex-m0plus -mthumb -Wno-main -I. -IGenerated_Source\PSoC4 -Wa,-alh=.\CortexM0p\ARM_GCC_493\Debug/CSD_SensingCSD_LL.lst -g -D DEBUG -Wall -ffunction-sections -Og -ffat-lto-objects -c .\Generated_Source\PSoC4\CSD_SensingCSD_LL.c -o .\CortexM0p\ARM_GCC_493\Debug\CSD_SensingCSD_LL.o
arm-none-eabi-gcc.exe -mcpu=cortex-m0plus -mthumb -Wno-main -I. -IGenerated_Source\PSoC4 -Wa,-alh=.\CortexM0p\ARM_GCC_493\Debug/CSD_ISR.lst -g -D DEBUG -Wall -ffunction-sections -Og -ffat-lto-objects -c .\Generated_Source\PSoC4\CSD_ISR.c -o .\CortexM0p\ARM_GCC_493\Debug\CSD_ISR.o
arm-none-eabi-gcc.exe -mcpu=cortex-m0plus -mthumb -Wno-main -I. -IGenerated_Source\PSoC4 -Wa,-alh=.\CortexM0p\ARM_GCC_493\Debug/Pin_PIR.lst -g -D DEBUG -Wall -ffunction-sections -Og -ffat-lto-objects -c .\Generated_Source\PSoC4\Pin_PIR.c -o .\CortexM0p\ARM_GCC_493\Debug\Pin_PIR.o
arm-none-eabi-gcc.exe -mcpu=cortex-m0plus -mthumb -Wno-main -I. -IGenerated_Source\PSoC4 -Wa,-alh=.\CortexM0p\ARM_GCC_493\Debug/Pin_PIR_PM.lst -g -D DEBUG -Wall -ffunction-sections -Og -ffat-lto-objects -c .\Generated_Source\PSoC4\Pin_PIR_PM.c -o .\CortexM0p\ARM_GCC_493\Debug\Pin_PIR_PM.o
arm-none-eabi-gcc.exe -mcpu=cortex-m0plus -mthumb -Wno-main -I. -IGenerated_Source\PSoC4 -Wa,-alh=.\CortexM0p\ARM_GCC_493\Debug/Pin_AmpOut.lst -g -D DEBUG -Wall -ffunction-sections -Og -ffat-lto-objects -c .\Generated_Source\PSoC4\Pin_AmpOut.c -o .\CortexM0p\ARM_GCC_493\Debug\Pin_AmpOut.o
arm-none-eabi-gcc.exe -mcpu=cortex-m0plus -mthumb -Wno-main -I. -IGenerated_Source\PSoC4 -Wa,-alh=.\CortexM0p\ARM_GCC_493\Debug/Pin_AmpOut_PM.lst -g -D DEBUG -Wall -ffunction-sections -Og -ffat-lto-objects -c .\Generated_Source\PSoC4\Pin_AmpOut_PM.c -o .\CortexM0p\ARM_GCC_493\Debug\Pin_AmpOut_PM.o
arm-none-eabi-gcc.exe -mcpu=cortex-m0plus -mthumb -Wno-main -I. -IGenerated_Source\PSoC4 -Wa,-alh=.\CortexM0p\ARM_GCC_493\Debug/PIRAmplifierStage1.lst -g -D DEBUG -Wall -ffunction-sections -Og -ffat-lto-objects -c .\Generated_Source\PSoC4\PIRAmplifierStage1.c -o .\CortexM0p\ARM_GCC_493\Debug\PIRAmplifierStage1.o
arm-none-eabi-gcc.exe -mcpu=cortex-m0plus -mthumb -Wno-main -I. -IGenerated_Source\PSoC4 -Wa,-alh=.\CortexM0p\ARM_GCC_493\Debug/PIRAmplifierStage1_PM.lst -g -D DEBUG -Wall -ffunction-sections -Og -ffat-lto-objects -c .\Generated_Source\PSoC4\PIRAmplifierStage1_PM.c -o .\CortexM0p\ARM_GCC_493\Debug\PIRAmplifierStage1_PM.o
arm-none-eabi-gcc.exe -mcpu=cortex-m0plus -mthumb -Wno-main -I. -IGenerated_Source\PSoC4 -Wa,-alh=.\CortexM0p\ARM_GCC_493\Debug/RefBuffer.lst -g -D DEBUG -Wall -ffunction-sections -Og -ffat-lto-objects -c .\Generated_Source\PSoC4\RefBuffer.c -o .\CortexM0p\ARM_GCC_493\Debug\RefBuffer.o
arm-none-eabi-gcc.exe -mcpu=cortex-m0plus -mthumb -Wno-main -I. -IGenerated_Source\PSoC4 -Wa,-alh=.\CortexM0p\ARM_GCC_493\Debug/RefBuffer_PM.lst -g -D DEBUG -Wall -ffunction-sections -Og -ffat-lto-objects -c .\Generated_Source\PSoC4\RefBuffer_PM.c -o .\CortexM0p\ARM_GCC_493\Debug\RefBuffer_PM.o
arm-none-eabi-gcc.exe -mcpu=cortex-m0plus -mthumb -Wno-main -I. -IGenerated_Source\PSoC4 -Wa,-alh=.\CortexM0p\ARM_GCC_493\Debug/PVref.lst -g -D DEBUG -Wall -ffunction-sections -Og -ffat-lto-objects -c .\Generated_Source\PSoC4\PVref.c -o .\CortexM0p\ARM_GCC_493\Debug\PVref.o
arm-none-eabi-gcc.exe -mcpu=cortex-m0plus -mthumb -Wno-main -I. -IGenerated_Source\PSoC4 -Wa,-alh=.\CortexM0p\ARM_GCC_493\Debug/PVref_PM.lst -g -D DEBUG -Wall -ffunction-sections -Og -ffat-lto-objects -c .\Generated_Source\PSoC4\PVref_PM.c -o .\CortexM0p\ARM_GCC_493\Debug\PVref_PM.o
arm-none-eabi-gcc.exe -mcpu=cortex-m0plus -mthumb -Wno-main -I. -IGenerated_Source\PSoC4 -Wa,-alh=.\CortexM0p\ARM_GCC_493\Debug/Pin_Vref.lst -g -D DEBUG -Wall -ffunction-sections -Og -ffat-lto-objects -c .\Generated_Source\PSoC4\Pin_Vref.c -o .\CortexM0p\ARM_GCC_493\Debug\Pin_Vref.o
arm-none-eabi-gcc.exe -mcpu=cortex-m0plus -mthumb -Wno-main -I. -IGenerated_Source\PSoC4 -Wa,-alh=.\CortexM0p\ARM_GCC_493\Debug/Pin_Vref_PM.lst -g -D DEBUG -Wall -ffunction-sections -Og -ffat-lto-objects -c .\Generated_Source\PSoC4\Pin_Vref_PM.c -o .\CortexM0p\ARM_GCC_493\Debug\Pin_Vref_PM.o
arm-none-eabi-gcc.exe -mcpu=cortex-m0plus -mthumb -Wno-main -I. -IGenerated_Source\PSoC4 -Wa,-alh=.\CortexM0p\ARM_GCC_493\Debug/Pin_PIRRef.lst -g -D DEBUG -Wall -ffunction-sections -Og -ffat-lto-objects -c .\Generated_Source\PSoC4\Pin_PIRRef.c -o .\CortexM0p\ARM_GCC_493\Debug\Pin_PIRRef.o
arm-none-eabi-gcc.exe -mcpu=cortex-m0plus -mthumb -Wno-main -I. -IGenerated_Source\PSoC4 -Wa,-alh=.\CortexM0p\ARM_GCC_493\Debug/Pin_PIRRef_PM.lst -g -D DEBUG -Wall -ffunction-sections -Og -ffat-lto-objects -c .\Generated_Source\PSoC4\Pin_PIRRef_PM.c -o .\CortexM0p\ARM_GCC_493\Debug\Pin_PIRRef_PM.o
arm-none-eabi-gcc.exe -mcpu=cortex-m0plus -mthumb -Wno-main -I. -IGenerated_Source\PSoC4 -Wa,-alh=.\CortexM0p\ARM_GCC_493\Debug/Pin_PGAIn.lst -g -D DEBUG -Wall -ffunction-sections -Og -ffat-lto-objects -c .\Generated_Source\PSoC4\Pin_PGAIn.c -o .\CortexM0p\ARM_GCC_493\Debug\Pin_PGAIn.o
arm-none-eabi-gcc.exe -mcpu=cortex-m0plus -mthumb -Wno-main -I. -IGenerated_Source\PSoC4 -Wa,-alh=.\CortexM0p\ARM_GCC_493\Debug/Pin_PGAIn_PM.lst -g -D DEBUG -Wall -ffunction-sections -Og -ffat-lto-objects -c .\Generated_Source\PSoC4\Pin_PGAIn_PM.c -o .\CortexM0p\ARM_GCC_493\Debug\Pin_PGAIn_PM.o
arm-none-eabi-gcc.exe -mcpu=cortex-m0plus -mthumb -Wno-main -I. -IGenerated_Source\PSoC4 -Wa,-alh=.\CortexM0p\ARM_GCC_493\Debug/PIRAmplifierStage2.lst -g -D DEBUG -Wall -ffunction-sections -Og -ffat-lto-objects -c .\Generated_Source\PSoC4\PIRAmplifierStage2.c -o .\CortexM0p\ARM_GCC_493\Debug\PIRAmplifierStage2.o
arm-none-eabi-gcc.exe -mcpu=cortex-m0plus -mthumb -Wno-main -I. -IGenerated_Source\PSoC4 -Wa,-alh=.\CortexM0p\ARM_GCC_493\Debug/PIRAmplifierStage2_PM.lst -g -D DEBUG -Wall -ffunction-sections -Og -ffat-lto-objects -c .\Generated_Source\PSoC4\PIRAmplifierStage2_PM.c -o .\CortexM0p\ARM_GCC_493\Debug\PIRAmplifierStage2_PM.o
arm-none-eabi-gcc.exe -mcpu=cortex-m0plus -mthumb -Wno-main -I. -IGenerated_Source\PSoC4 -Wa,-alh=.\CortexM0p\ARM_GCC_493\Debug/Clock_200.lst -g -D DEBUG -Wall -ffunction-sections -Og -ffat-lto-objects -c .\Generated_Source\PSoC4\Clock_200.c -o .\CortexM0p\ARM_GCC_493\Debug\Clock_200.o
arm-none-eabi-gcc.exe -mcpu=cortex-m0plus -mthumb -Wno-main -I. -IGenerated_Source\PSoC4 -Wa,-alh=.\CortexM0p\ARM_GCC_493\Debug/Switch_Off_Timer_Int.lst -g -D DEBUG -Wall -ffunction-sections -Og -ffat-lto-objects -c .\Generated_Source\PSoC4\Switch_Off_Timer_Int.c -o .\CortexM0p\ARM_GCC_493\Debug\Switch_Off_Timer_Int.o
arm-none-eabi-gcc.exe -mcpu=cortex-m0plus -mthumb -Wno-main -I. -IGenerated_Source\PSoC4 -Wa,-alh=.\CortexM0p\ARM_GCC_493\Debug/Switch_Off_Timer.lst -g -D DEBUG -Wall -ffunction-sections -Og -ffat-lto-objects -c .\Generated_Source\PSoC4\Switch_Off_Timer.c -o .\CortexM0p\ARM_GCC_493\Debug\Switch_Off_Timer.o
arm-none-eabi-gcc.exe -mcpu=cortex-m0plus -mthumb -Wno-main -I. -IGenerated_Source\PSoC4 -Wa,-alh=.\CortexM0p\ARM_GCC_493\Debug/Switch_Off_Timer_PM.lst -g -D DEBUG -Wall -ffunction-sections -Og -ffat-lto-objects -c .\Generated_Source\PSoC4\Switch_Off_Timer_PM.c -o .\CortexM0p\ARM_GCC_493\Debug\Switch_Off_Timer_PM.o
arm-none-eabi-gcc.exe -mcpu=cortex-m0plus -mthumb -Wno-main -I. -IGenerated_Source\PSoC4 -Wa,-alh=.\CortexM0p\ARM_GCC_493\Debug/MIC_ANALOG.lst -g -D DEBUG -Wall -ffunction-sections -Og -ffat-lto-objects -c .\Generated_Source\PSoC4\MIC_ANALOG.c -o .\CortexM0p\ARM_GCC_493\Debug\MIC_ANALOG.o
arm-none-eabi-gcc.exe -mcpu=cortex-m0plus -mthumb -Wno-main -I. -IGenerated_Source\PSoC4 -Wa,-alh=.\CortexM0p\ARM_GCC_493\Debug/MIC_ANALOG_PM.lst -g -D DEBUG -Wall -ffunction-sections -Og -ffat-lto-objects -c .\Generated_Source\PSoC4\MIC_ANALOG_PM.c -o .\CortexM0p\ARM_GCC_493\Debug\MIC_ANALOG_PM.o
arm-none-eabi-gcc.exe -mcpu=cortex-m0plus -mthumb -Wno-main -I. -IGenerated_Source\PSoC4 -Wa,-alh=.\CortexM0p\ARM_GCC_493\Debug/Millis_Update_Timer.lst -g -D DEBUG -Wall -ffunction-sections -Og -ffat-lto-objects -c .\Generated_Source\PSoC4\Millis_Update_Timer.c -o .\CortexM0p\ARM_GCC_493\Debug\Millis_Update_Timer.o
arm-none-eabi-gcc.exe -mcpu=cortex-m0plus -mthumb -Wno-main -I. -IGenerated_Source\PSoC4 -Wa,-alh=.\CortexM0p\ARM_GCC_493\Debug/Millis_Update_Timer_PM.lst -g -D DEBUG -Wall -ffunction-sections -Og -ffat-lto-objects -c .\Generated_Source\PSoC4\Millis_Update_Timer_PM.c -o .\CortexM0p\ARM_GCC_493\Debug\Millis_Update_Timer_PM.o
arm-none-eabi-gcc.exe -mcpu=cortex-m0plus -mthumb -Wno-main -I. -IGenerated_Source\PSoC4 -Wa,-alh=.\CortexM0p\ARM_GCC_493\Debug/Millis_Update_Timer_Int.lst -g -D DEBUG -Wall -ffunction-sections -Og -ffat-lto-objects -c .\Generated_Source\PSoC4\Millis_Update_Timer_Int.c -o .\CortexM0p\ARM_GCC_493\Debug\Millis_Update_Timer_Int.o
arm-none-eabi-ar.exe -rs .\CortexM0p\ARM_GCC_493\Debug\Lighting_with_PSoC_ACP.a .\CortexM0p\ARM_GCC_493\Debug\cyfitter_cfg.o .\CortexM0p\ARM_GCC_493\Debug\Clock_1K.o .\CortexM0p\ARM_GCC_493\Debug\LED_STRIP.o .\CortexM0p\ARM_GCC_493\Debug\LED_STRIP_PM.o .\CortexM0p\ARM_GCC_493\Debug\LED_BLUE.o .\CortexM0p\ARM_GCC_493\Debug\LED_BLUE_PM.o .\CortexM0p\ARM_GCC_493\Debug\LED_GREEN.o .\CortexM0p\ARM_GCC_493\Debug\LED_GREEN_PM.o .\CortexM0p\ARM_GCC_493\Debug\LED_RED.o .\CortexM0p\ARM_GCC_493\Debug\LED_RED_PM.o .\CortexM0p\ARM_GCC_493\Debug\PWM_LED_STRIP.o .\CortexM0p\ARM_GCC_493\Debug\PWM_LED_STRIP_PM.o .\CortexM0p\ARM_GCC_493\Debug\Clock_12M.o .\CortexM0p\ARM_GCC_493\Debug\UART.o .\CortexM0p\ARM_GCC_493\Debug\UART_SPI_UART.o .\CortexM0p\ARM_GCC_493\Debug\UART_SPI_UART_INT.o .\CortexM0p\ARM_GCC_493\Debug\UART_PM.o .\CortexM0p\ARM_GCC_493\Debug\UART_UART.o .\CortexM0p\ARM_GCC_493\Debug\UART_BOOT.o .\CortexM0p\ARM_GCC_493\Debug\UART_UART_BOOT.o .\CortexM0p\ARM_GCC_493\Debug\UART_SCBCLK.o .\CortexM0p\ARM_GCC_493\Debug\UART_tx.o .\CortexM0p\ARM_GCC_493\Debug\UART_tx_PM.o .\CortexM0p\ARM_GCC_493\Debug\UART_rx.o .\CortexM0p\ARM_GCC_493\Debug\UART_rx_PM.o .\CortexM0p\ARM_GCC_493\Debug\CyBootAsmGnu.o .\CortexM0p\ARM_GCC_493\Debug\CyFlash.o .\CortexM0p\ARM_GCC_493\Debug\CyLib.o .\CortexM0p\ARM_GCC_493\Debug\cyPm.o .\CortexM0p\ARM_GCC_493\Debug\cyutils.o .\CortexM0p\ARM_GCC_493\Debug\CyDMA.o .\CortexM0p\ARM_GCC_493\Debug\CyLFClk.o .\CortexM0p\ARM_GCC_493\Debug\ADC.o .\CortexM0p\ARM_GCC_493\Debug\ADC_PM.o .\CortexM0p\ARM_GCC_493\Debug\ADC_INIT.o .\CortexM0p\ARM_GCC_493\Debug\ADC_INT.o .\CortexM0p\ARM_GCC_493\Debug\POT_PIN.o .\CortexM0p\ARM_GCC_493\Debug\POT_PIN_PM.o .\CortexM0p\ARM_GCC_493\Debug\ADC_intSarClock.o .\CortexM0p\ARM_GCC_493\Debug\ADC_IRQ.o .\CortexM0p\ARM_GCC_493\Debug\ADC_intUabClock.o .\CortexM0p\ARM_GCC_493\Debug\CSD_Control.o .\CortexM0p\ARM_GCC_493\Debug\CSD_Processing.o .\CortexM0p\ARM_GCC_493\Debug\CSD_Structure.o .\CortexM0p\ARM_GCC_493\Debug\CSD_Tuner.o .\CortexM0p\ARM_GCC_493\Debug\CSD_Filter.o .\CortexM0p\ARM_GCC_493\Debug\CSD_Sensing.o .\CortexM0p\ARM_GCC_493\Debug\CSD_INT.o .\CortexM0p\ARM_GCC_493\Debug\CSD_SensingCSD_LL.o .\CortexM0p\ARM_GCC_493\Debug\CSD_ISR.o .\CortexM0p\ARM_GCC_493\Debug\Pin_PIR.o .\CortexM0p\ARM_GCC_493\Debug\Pin_PIR_PM.o .\CortexM0p\ARM_GCC_493\Debug\Pin_AmpOut.o .\CortexM0p\ARM_GCC_493\Debug\Pin_AmpOut_PM.o .\CortexM0p\ARM_GCC_493\Debug\PIRAmplifierStage1.o .\CortexM0p\ARM_GCC_493\Debug\PIRAmplifierStage1_PM.o .\CortexM0p\ARM_GCC_493\Debug\RefBuffer.o .\CortexM0p\ARM_GCC_493\Debug\RefBuffer_PM.o .\CortexM0p\ARM_GCC_493\Debug\PVref.o .\CortexM0p\ARM_GCC_493\Debug\PVref_PM.o .\CortexM0p\ARM_GCC_493\Debug\Pin_Vref.o .\CortexM0p\ARM_GCC_493\Debug\Pin_Vref_PM.o .\CortexM0p\ARM_GCC_493\Debug\Pin_PIRRef.o .\CortexM0p\ARM_GCC_493\Debug\Pin_PIRRef_PM.o .\CortexM0p\ARM_GCC_493\Debug\Pin_PGAIn.o .\CortexM0p\ARM_GCC_493\Debug\Pin_PGAIn_PM.o .\CortexM0p\ARM_GCC_493\Debug\PIRAmplifierStage2.o .\CortexM0p\ARM_GCC_493\Debug\PIRAmplifierStage2_PM.o .\CortexM0p\ARM_GCC_493\Debug\Clock_200.o .\CortexM0p\ARM_GCC_493\Debug\Switch_Off_Timer_Int.o .\CortexM0p\ARM_GCC_493\Debug\Switch_Off_Timer.o .\CortexM0p\ARM_GCC_493\Debug\Switch_Off_Timer_PM.o .\CortexM0p\ARM_GCC_493\Debug\MIC_ANALOG.o .\CortexM0p\ARM_GCC_493\Debug\MIC_ANALOG_PM.o .\CortexM0p\ARM_GCC_493\Debug\Millis_Update_Timer.o .\CortexM0p\ARM_GCC_493\Debug\Millis_Update_Timer_PM.o .\CortexM0p\ARM_GCC_493\Debug\Millis_Update_Timer_Int.o
arm-none-eabi-ar.exe: creating .\CortexM0p\ARM_GCC_493\Debug\Lighting_with_PSoC_ACP.a
arm-none-eabi-gcc.exe -Wl,--start-group -o .\CortexM0p\ARM_GCC_493\Debug\Lighting_with_PSoC_ACP.elf .\CortexM0p\ARM_GCC_493\Debug\main.o .\CortexM0p\ARM_GCC_493\Debug\cymetadata.o .\CortexM0p\ARM_GCC_493\Debug\Cm0plusStart.o .\CortexM0p\ARM_GCC_493\Debug\Lighting_with_PSoC_ACP.a "C:\Program Files (x86)\Cypress\PSoC Creator\3.3\PSoC Creator\psoc\content\cycomponentlibrary\CyComponentLibrary.cylib\CapSense_P4_v3_0\PSoC4\Library\Capsense_P4Library_GCCp.a" -mcpu=cortex-m0plus -mthumb -g -ffunction-sections -Og -ffat-lto-objects -L Generated_Source\PSoC4 -Wl,-Map,.\CortexM0p\ARM_GCC_493\Debug/Lighting_with_PSoC_ACP.map -T Generated_Source\PSoC4\cm0plusgcc.ld -specs=nano.specs -Wl,--gc-sections -Wl,--end-group
cyelftool.exe -C "D:\Dolgaim\MCU\Cypress PSoC\Git\Lighting_with_PSoC_ACP.cydsn\CortexM0p\ARM_GCC_493\Debug\Lighting_with_PSoC_ACP.elf" --flash_row_size 128 --flash_size 32768
cyelftool.exe -S "D:\Dolgaim\MCU\Cypress PSoC\Git\Lighting_with_PSoC_ACP.cydsn\CortexM0p\ARM_GCC_493\Debug\Lighting_with_PSoC_ACP.elf"
Flash used: 20224 of 32768 bytes (61,7%).
SRAM used: 1816 of 4096 bytes (44,3%). Stack: 1024 bytes. Heap: 128 bytes.
--------------- Build Succeeded: 02/19/2017 02:19:07 ---------------
