ARM GAS  C:\Users\simon\AppData\Local\Temp\ccfp7L8W.s 			page 1


   1              		.cpu cortex-m0plus
   2              		.fpu softvfp
   3              		.eabi_attribute 20, 1
   4              		.eabi_attribute 21, 1
   5              		.eabi_attribute 23, 3
   6              		.eabi_attribute 24, 1
   7              		.eabi_attribute 25, 1
   8              		.eabi_attribute 26, 1
   9              		.eabi_attribute 30, 1
  10              		.eabi_attribute 34, 0
  11              		.eabi_attribute 18, 4
  12              		.code	16
  13              		.file	"cyfitter_cfg.c"
  14              		.text
  15              	.Ltext0:
  16              		.cfi_sections	.debug_frame
  17              		.section	.psocinit,"ax",%progbits
  18              		.align	2
  19              		.code	16
  20              		.thumb_func
  21              		.type	ClockSetup, %function
  22              	ClockSetup:
  23              	.LFB4:
  24              		.file 1 ".\\Generated_Source\\PSoC4\\cyfitter_cfg.c"
   1:.\Generated_Source\PSoC4/cyfitter_cfg.c **** /*******************************************************************************
   2:.\Generated_Source\PSoC4/cyfitter_cfg.c **** * File Name: cyfitter_cfg.c
   3:.\Generated_Source\PSoC4/cyfitter_cfg.c **** * 
   4:.\Generated_Source\PSoC4/cyfitter_cfg.c **** * PSoC Creator  3.3 CP3
   5:.\Generated_Source\PSoC4/cyfitter_cfg.c **** *
   6:.\Generated_Source\PSoC4/cyfitter_cfg.c **** * Description:
   7:.\Generated_Source\PSoC4/cyfitter_cfg.c **** * This file contains device initialization code.
   8:.\Generated_Source\PSoC4/cyfitter_cfg.c **** * Except for the user defined sections in CyClockStartupError(), this file should not be modified.
   9:.\Generated_Source\PSoC4/cyfitter_cfg.c **** * This file is automatically generated by PSoC Creator.
  10:.\Generated_Source\PSoC4/cyfitter_cfg.c **** *
  11:.\Generated_Source\PSoC4/cyfitter_cfg.c **** ********************************************************************************
  12:.\Generated_Source\PSoC4/cyfitter_cfg.c **** * Copyright (c) 2007-2016 Cypress Semiconductor.  All rights reserved.
  13:.\Generated_Source\PSoC4/cyfitter_cfg.c **** * You may use this file only in accordance with the license, terms, conditions, 
  14:.\Generated_Source\PSoC4/cyfitter_cfg.c **** * disclaimers, and limitations in the end user license agreement accompanying 
  15:.\Generated_Source\PSoC4/cyfitter_cfg.c **** * the software package with which this file was provided.
  16:.\Generated_Source\PSoC4/cyfitter_cfg.c **** ********************************************************************************/
  17:.\Generated_Source\PSoC4/cyfitter_cfg.c **** 
  18:.\Generated_Source\PSoC4/cyfitter_cfg.c **** #include <string.h>
  19:.\Generated_Source\PSoC4/cyfitter_cfg.c **** #include "cytypes.h"
  20:.\Generated_Source\PSoC4/cyfitter_cfg.c **** #include "cydevice_trm.h"
  21:.\Generated_Source\PSoC4/cyfitter_cfg.c **** #include "cyfitter.h"
  22:.\Generated_Source\PSoC4/cyfitter_cfg.c **** #include "CyLib.h"
  23:.\Generated_Source\PSoC4/cyfitter_cfg.c **** #include "CyLFClk.h"
  24:.\Generated_Source\PSoC4/cyfitter_cfg.c **** #include "cyfitter_cfg.h"
  25:.\Generated_Source\PSoC4/cyfitter_cfg.c **** 
  26:.\Generated_Source\PSoC4/cyfitter_cfg.c **** 
  27:.\Generated_Source\PSoC4/cyfitter_cfg.c **** #if defined(__GNUC__) || defined(__ARMCC_VERSION)
  28:.\Generated_Source\PSoC4/cyfitter_cfg.c ****     #define CYPACKED 
  29:.\Generated_Source\PSoC4/cyfitter_cfg.c ****     #define CYPACKED_ATTR __attribute__ ((packed))
  30:.\Generated_Source\PSoC4/cyfitter_cfg.c ****     #define CYALIGNED __attribute__ ((aligned))
  31:.\Generated_Source\PSoC4/cyfitter_cfg.c ****     #define CY_CFG_UNUSED __attribute__ ((unused))
  32:.\Generated_Source\PSoC4/cyfitter_cfg.c ****     #ifndef CY_CFG_SECTION
  33:.\Generated_Source\PSoC4/cyfitter_cfg.c ****         #define CY_CFG_SECTION __attribute__ ((section(".psocinit")))
ARM GAS  C:\Users\simon\AppData\Local\Temp\ccfp7L8W.s 			page 2


  34:.\Generated_Source\PSoC4/cyfitter_cfg.c ****     #endif
  35:.\Generated_Source\PSoC4/cyfitter_cfg.c ****     
  36:.\Generated_Source\PSoC4/cyfitter_cfg.c ****     #if defined(__ARMCC_VERSION)
  37:.\Generated_Source\PSoC4/cyfitter_cfg.c ****         #define CY_CFG_MEMORY_BARRIER() __memory_changed()
  38:.\Generated_Source\PSoC4/cyfitter_cfg.c ****     #else
  39:.\Generated_Source\PSoC4/cyfitter_cfg.c ****         #define CY_CFG_MEMORY_BARRIER() __sync_synchronize()
  40:.\Generated_Source\PSoC4/cyfitter_cfg.c ****     #endif
  41:.\Generated_Source\PSoC4/cyfitter_cfg.c ****     
  42:.\Generated_Source\PSoC4/cyfitter_cfg.c **** #elif defined(__ICCARM__)
  43:.\Generated_Source\PSoC4/cyfitter_cfg.c ****     #include <intrinsics.h>
  44:.\Generated_Source\PSoC4/cyfitter_cfg.c **** 
  45:.\Generated_Source\PSoC4/cyfitter_cfg.c ****     #define CYPACKED __packed
  46:.\Generated_Source\PSoC4/cyfitter_cfg.c ****     #define CYPACKED_ATTR 
  47:.\Generated_Source\PSoC4/cyfitter_cfg.c ****     #define CYALIGNED _Pragma("data_alignment=4")
  48:.\Generated_Source\PSoC4/cyfitter_cfg.c ****     #define CY_CFG_UNUSED _Pragma("diag_suppress=Pe177")
  49:.\Generated_Source\PSoC4/cyfitter_cfg.c ****     #define CY_CFG_SECTION _Pragma("location=\".psocinit\"")
  50:.\Generated_Source\PSoC4/cyfitter_cfg.c ****     
  51:.\Generated_Source\PSoC4/cyfitter_cfg.c ****     #define CY_CFG_MEMORY_BARRIER() __DMB()
  52:.\Generated_Source\PSoC4/cyfitter_cfg.c ****     
  53:.\Generated_Source\PSoC4/cyfitter_cfg.c **** #else
  54:.\Generated_Source\PSoC4/cyfitter_cfg.c ****     #error Unsupported toolchain
  55:.\Generated_Source\PSoC4/cyfitter_cfg.c **** #endif
  56:.\Generated_Source\PSoC4/cyfitter_cfg.c **** 
  57:.\Generated_Source\PSoC4/cyfitter_cfg.c **** 
  58:.\Generated_Source\PSoC4/cyfitter_cfg.c **** CY_CFG_UNUSED
  59:.\Generated_Source\PSoC4/cyfitter_cfg.c **** static void CYMEMZERO(void *s, size_t n);
  60:.\Generated_Source\PSoC4/cyfitter_cfg.c **** CY_CFG_UNUSED
  61:.\Generated_Source\PSoC4/cyfitter_cfg.c **** static void CYMEMZERO(void *s, size_t n)
  62:.\Generated_Source\PSoC4/cyfitter_cfg.c **** {
  63:.\Generated_Source\PSoC4/cyfitter_cfg.c **** 	(void)memset(s, 0, n);
  64:.\Generated_Source\PSoC4/cyfitter_cfg.c **** }
  65:.\Generated_Source\PSoC4/cyfitter_cfg.c **** CY_CFG_UNUSED
  66:.\Generated_Source\PSoC4/cyfitter_cfg.c **** static void CYCONFIGCPY(void *dest, const void *src, size_t n);
  67:.\Generated_Source\PSoC4/cyfitter_cfg.c **** CY_CFG_UNUSED
  68:.\Generated_Source\PSoC4/cyfitter_cfg.c **** static void CYCONFIGCPY(void *dest, const void *src, size_t n)
  69:.\Generated_Source\PSoC4/cyfitter_cfg.c **** {
  70:.\Generated_Source\PSoC4/cyfitter_cfg.c **** 	(void)memcpy(dest, src, n);
  71:.\Generated_Source\PSoC4/cyfitter_cfg.c **** }
  72:.\Generated_Source\PSoC4/cyfitter_cfg.c **** CY_CFG_UNUSED
  73:.\Generated_Source\PSoC4/cyfitter_cfg.c **** static void CYCONFIGCPYCODE(void *dest, const void *src, size_t n);
  74:.\Generated_Source\PSoC4/cyfitter_cfg.c **** CY_CFG_UNUSED
  75:.\Generated_Source\PSoC4/cyfitter_cfg.c **** static void CYCONFIGCPYCODE(void *dest, const void *src, size_t n)
  76:.\Generated_Source\PSoC4/cyfitter_cfg.c **** {
  77:.\Generated_Source\PSoC4/cyfitter_cfg.c **** 	(void)memcpy(dest, src, n);
  78:.\Generated_Source\PSoC4/cyfitter_cfg.c **** }
  79:.\Generated_Source\PSoC4/cyfitter_cfg.c **** 
  80:.\Generated_Source\PSoC4/cyfitter_cfg.c **** 
  81:.\Generated_Source\PSoC4/cyfitter_cfg.c **** 
  82:.\Generated_Source\PSoC4/cyfitter_cfg.c **** /* Clock startup error codes                                                   */
  83:.\Generated_Source\PSoC4/cyfitter_cfg.c **** #define CYCLOCKSTART_NO_ERROR    0u
  84:.\Generated_Source\PSoC4/cyfitter_cfg.c **** #define CYCLOCKSTART_XTAL_ERROR  1u
  85:.\Generated_Source\PSoC4/cyfitter_cfg.c **** #define CYCLOCKSTART_32KHZ_ERROR 2u
  86:.\Generated_Source\PSoC4/cyfitter_cfg.c **** #define CYCLOCKSTART_PLL_ERROR   3u
  87:.\Generated_Source\PSoC4/cyfitter_cfg.c **** 
  88:.\Generated_Source\PSoC4/cyfitter_cfg.c **** #ifdef CY_NEED_CYCLOCKSTARTUPERROR
  89:.\Generated_Source\PSoC4/cyfitter_cfg.c **** /*******************************************************************************
  90:.\Generated_Source\PSoC4/cyfitter_cfg.c **** * Function Name: CyClockStartupError
ARM GAS  C:\Users\simon\AppData\Local\Temp\ccfp7L8W.s 			page 3


  91:.\Generated_Source\PSoC4/cyfitter_cfg.c **** ********************************************************************************
  92:.\Generated_Source\PSoC4/cyfitter_cfg.c **** * Summary:
  93:.\Generated_Source\PSoC4/cyfitter_cfg.c **** *  If an error is encountered during clock configuration (crystal startup error,
  94:.\Generated_Source\PSoC4/cyfitter_cfg.c **** *  PLL lock error, etc.), the system will end up here.  Unless reimplemented by
  95:.\Generated_Source\PSoC4/cyfitter_cfg.c **** *  the customer, this function will stop in an infinite loop.
  96:.\Generated_Source\PSoC4/cyfitter_cfg.c **** *
  97:.\Generated_Source\PSoC4/cyfitter_cfg.c **** * Parameters:
  98:.\Generated_Source\PSoC4/cyfitter_cfg.c **** *   void
  99:.\Generated_Source\PSoC4/cyfitter_cfg.c **** *
 100:.\Generated_Source\PSoC4/cyfitter_cfg.c **** * Return:
 101:.\Generated_Source\PSoC4/cyfitter_cfg.c **** *   void
 102:.\Generated_Source\PSoC4/cyfitter_cfg.c **** *
 103:.\Generated_Source\PSoC4/cyfitter_cfg.c **** *******************************************************************************/
 104:.\Generated_Source\PSoC4/cyfitter_cfg.c **** CY_CFG_UNUSED
 105:.\Generated_Source\PSoC4/cyfitter_cfg.c **** static void CyClockStartupError(uint8 errorCode);
 106:.\Generated_Source\PSoC4/cyfitter_cfg.c **** CY_CFG_UNUSED
 107:.\Generated_Source\PSoC4/cyfitter_cfg.c **** static void CyClockStartupError(uint8 errorCode)
 108:.\Generated_Source\PSoC4/cyfitter_cfg.c **** {
 109:.\Generated_Source\PSoC4/cyfitter_cfg.c ****     /* To remove the compiler warning if errorCode not used.                */
 110:.\Generated_Source\PSoC4/cyfitter_cfg.c ****     errorCode = errorCode;
 111:.\Generated_Source\PSoC4/cyfitter_cfg.c **** 
 112:.\Generated_Source\PSoC4/cyfitter_cfg.c ****     /* `#START CyClockStartupError` */
 113:.\Generated_Source\PSoC4/cyfitter_cfg.c **** 
 114:.\Generated_Source\PSoC4/cyfitter_cfg.c ****     /* If we have a clock startup error (bad MHz crystal, PLL lock, etc.),  */
 115:.\Generated_Source\PSoC4/cyfitter_cfg.c ****     /* we will end up here to allow the customer to implement something to  */
 116:.\Generated_Source\PSoC4/cyfitter_cfg.c ****     /* deal with the clock condition.                                       */
 117:.\Generated_Source\PSoC4/cyfitter_cfg.c **** 
 118:.\Generated_Source\PSoC4/cyfitter_cfg.c ****     /* `#END` */
 119:.\Generated_Source\PSoC4/cyfitter_cfg.c **** 
 120:.\Generated_Source\PSoC4/cyfitter_cfg.c ****     /* If nothing else, stop here since the clocks have not started         */
 121:.\Generated_Source\PSoC4/cyfitter_cfg.c ****     /* correctly.                                                           */
 122:.\Generated_Source\PSoC4/cyfitter_cfg.c ****     while(1) {}
 123:.\Generated_Source\PSoC4/cyfitter_cfg.c **** }
 124:.\Generated_Source\PSoC4/cyfitter_cfg.c **** #endif
 125:.\Generated_Source\PSoC4/cyfitter_cfg.c **** 
 126:.\Generated_Source\PSoC4/cyfitter_cfg.c **** 
 127:.\Generated_Source\PSoC4/cyfitter_cfg.c **** 
 128:.\Generated_Source\PSoC4/cyfitter_cfg.c **** /*******************************************************************************
 129:.\Generated_Source\PSoC4/cyfitter_cfg.c **** * Function Name: ClockSetup
 130:.\Generated_Source\PSoC4/cyfitter_cfg.c **** ********************************************************************************
 131:.\Generated_Source\PSoC4/cyfitter_cfg.c **** *
 132:.\Generated_Source\PSoC4/cyfitter_cfg.c **** * Summary:
 133:.\Generated_Source\PSoC4/cyfitter_cfg.c **** *   Performs the initialization of all of the clocks in the device based on the
 134:.\Generated_Source\PSoC4/cyfitter_cfg.c **** *   settings in the Clock tab of the DWR.  This includes enabling the requested
 135:.\Generated_Source\PSoC4/cyfitter_cfg.c **** *   clocks and setting the necessary dividers to produce the desired frequency. 
 136:.\Generated_Source\PSoC4/cyfitter_cfg.c **** *
 137:.\Generated_Source\PSoC4/cyfitter_cfg.c **** * Parameters:
 138:.\Generated_Source\PSoC4/cyfitter_cfg.c **** *   void
 139:.\Generated_Source\PSoC4/cyfitter_cfg.c **** *
 140:.\Generated_Source\PSoC4/cyfitter_cfg.c **** * Return:
 141:.\Generated_Source\PSoC4/cyfitter_cfg.c **** *   void
 142:.\Generated_Source\PSoC4/cyfitter_cfg.c **** *
 143:.\Generated_Source\PSoC4/cyfitter_cfg.c **** *******************************************************************************/
 144:.\Generated_Source\PSoC4/cyfitter_cfg.c **** static void ClockSetup(void);
 145:.\Generated_Source\PSoC4/cyfitter_cfg.c **** CY_CFG_SECTION
 146:.\Generated_Source\PSoC4/cyfitter_cfg.c **** static void ClockSetup(void)
 147:.\Generated_Source\PSoC4/cyfitter_cfg.c **** {
ARM GAS  C:\Users\simon\AppData\Local\Temp\ccfp7L8W.s 			page 4


  25              		.loc 1 147 0
  26              		.cfi_startproc
  27 0000 38B5     		push	{r3, r4, r5, lr}
  28              		.cfi_def_cfa_offset 16
  29              		.cfi_offset 3, -16
  30              		.cfi_offset 4, -12
  31              		.cfi_offset 5, -8
  32              		.cfi_offset 14, -4
 148:.\Generated_Source\PSoC4/cyfitter_cfg.c **** 
 149:.\Generated_Source\PSoC4/cyfitter_cfg.c **** 	/* Set Flash Cycles based on max possible frequency in case a glitch occurs during ClockSetup(). *
 150:.\Generated_Source\PSoC4/cyfitter_cfg.c **** 	CY_SET_REG32((void CYXDATA *)(CYREG_CPUSS_FLASH_CTL), (0x0012u));
  33              		.loc 1 150 0
  34 0002 294C     		ldr	r4, .L2
  35 0004 1223     		mov	r3, #18
  36 0006 2360     		str	r3, [r4]
 151:.\Generated_Source\PSoC4/cyfitter_cfg.c **** 	/* Update IMO to new clock speed. */
 152:.\Generated_Source\PSoC4/cyfitter_cfg.c **** 	CySysClkWriteImoFreq(24u);
  37              		.loc 1 152 0
  38 0008 1820     		mov	r0, #24
  39 000a FFF7FEFF 		bl	CySysClkWriteImoFreq
  40              	.LVL0:
 153:.\Generated_Source\PSoC4/cyfitter_cfg.c **** 
 154:.\Generated_Source\PSoC4/cyfitter_cfg.c **** 	/* Setup phase aligned clocks */
 155:.\Generated_Source\PSoC4/cyfitter_cfg.c **** 	CY_SET_REG32((void *)CYREG_PERI_DIV_16_CTL1, 0x00000100u);
  41              		.loc 1 155 0
  42 000e 8022     		mov	r2, #128
  43 0010 5200     		lsl	r2, r2, #1
  44 0012 264B     		ldr	r3, .L2+4
  45 0014 1A60     		str	r2, [r3]
 156:.\Generated_Source\PSoC4/cyfitter_cfg.c **** 	CY_SET_REG32((void *)CYREG_PERI_DIV_CMD, 0x8000FF41u);
  46              		.loc 1 156 0
  47 0016 8023     		mov	r3, #128
  48 0018 DB05     		lsl	r3, r3, #23
  49 001a 2549     		ldr	r1, .L2+8
  50 001c 1960     		str	r1, [r3]
 157:.\Generated_Source\PSoC4/cyfitter_cfg.c **** 	CY_SET_REG32((void *)CYREG_PERI_DIV_16_CTL3, 0x00000100u);
  51              		.loc 1 157 0
  52 001e 2549     		ldr	r1, .L2+12
  53 0020 0A60     		str	r2, [r1]
 158:.\Generated_Source\PSoC4/cyfitter_cfg.c **** 	CY_SET_REG32((void *)CYREG_PERI_DIV_CMD, 0x8000FF43u);
  54              		.loc 1 158 0
  55 0022 2549     		ldr	r1, .L2+16
  56 0024 1960     		str	r1, [r3]
 159:.\Generated_Source\PSoC4/cyfitter_cfg.c **** 	CY_SET_REG32((void *)CYREG_PERI_DIV_24_5_CTL, 0x01D4BF00u);
  57              		.loc 1 159 0
  58 0026 2548     		ldr	r0, .L2+20
  59 0028 2549     		ldr	r1, .L2+24
  60 002a 0860     		str	r0, [r1]
 160:.\Generated_Source\PSoC4/cyfitter_cfg.c **** 	CY_SET_REG32((void *)CYREG_PERI_DIV_CMD, 0x8000FFC0u);
  61              		.loc 1 160 0
  62 002c 2549     		ldr	r1, .L2+28
  63 002e 1960     		str	r1, [r3]
 161:.\Generated_Source\PSoC4/cyfitter_cfg.c **** 	CY_SET_REG32((void *)CYREG_PERI_DIV_16_CTL5, 0x005DBF00u);
  64              		.loc 1 161 0
  65 0030 2548     		ldr	r0, .L2+32
  66 0032 2649     		ldr	r1, .L2+36
  67 0034 0860     		str	r0, [r1]
ARM GAS  C:\Users\simon\AppData\Local\Temp\ccfp7L8W.s 			page 5


 162:.\Generated_Source\PSoC4/cyfitter_cfg.c **** 	CY_SET_REG32((void *)CYREG_PERI_DIV_CMD, 0x8000FF45u);
  68              		.loc 1 162 0
  69 0036 2649     		ldr	r1, .L2+40
  70 0038 1960     		str	r1, [r3]
 163:.\Generated_Source\PSoC4/cyfitter_cfg.c **** 	CY_SET_REG32((void *)CYREG_PERI_DIV_16_CTL2, 0x00000100u);
  71              		.loc 1 163 0
  72 003a 2649     		ldr	r1, .L2+44
  73 003c 0A60     		str	r2, [r1]
 164:.\Generated_Source\PSoC4/cyfitter_cfg.c **** 	CY_SET_REG32((void *)CYREG_PERI_DIV_CMD, 0x8000FF42u);
  74              		.loc 1 164 0
  75 003e 264A     		ldr	r2, .L2+48
  76 0040 1A60     		str	r2, [r3]
 165:.\Generated_Source\PSoC4/cyfitter_cfg.c **** 	CY_SET_REG32((void *)CYREG_PERI_DIV_16_CTL0, 0x0000FE00u);
  77              		.loc 1 165 0
  78 0042 FE21     		mov	r1, #254
  79 0044 0902     		lsl	r1, r1, #8
  80 0046 254A     		ldr	r2, .L2+52
  81 0048 1160     		str	r1, [r2]
 166:.\Generated_Source\PSoC4/cyfitter_cfg.c **** 	CY_SET_REG32((void *)CYREG_PERI_DIV_CMD, 0x8000FF40u);
  82              		.loc 1 166 0
  83 004a 254A     		ldr	r2, .L2+56
  84 004c 1A60     		str	r2, [r3]
 167:.\Generated_Source\PSoC4/cyfitter_cfg.c **** 	CY_SET_REG32((void *)CYREG_PERI_DIV_16_CTL4, 0x00000F00u);
  85              		.loc 1 167 0
  86 004e F021     		mov	r1, #240
  87 0050 0901     		lsl	r1, r1, #4
  88 0052 244A     		ldr	r2, .L2+60
  89 0054 1160     		str	r1, [r2]
 168:.\Generated_Source\PSoC4/cyfitter_cfg.c **** 	CY_SET_REG32((void *)CYREG_PERI_DIV_CMD, 0x8000FF44u);
  90              		.loc 1 168 0
  91 0056 244A     		ldr	r2, .L2+64
  92 0058 1A60     		str	r2, [r3]
 169:.\Generated_Source\PSoC4/cyfitter_cfg.c **** 
 170:.\Generated_Source\PSoC4/cyfitter_cfg.c **** 	/* CYDEV_CLK_IMO_CONFIG Starting address: CYDEV_CLK_IMO_CONFIG */
 171:.\Generated_Source\PSoC4/cyfitter_cfg.c **** 	CY_SET_XTND_REG32((void CYFAR *)(CYREG_CLK_IMO_CONFIG), 0x80000020u);
  93              		.loc 1 171 0
  94 005a 244A     		ldr	r2, .L2+68
  95 005c 244B     		ldr	r3, .L2+72
  96 005e 1A60     		str	r2, [r3]
 172:.\Generated_Source\PSoC4/cyfitter_cfg.c **** 
 173:.\Generated_Source\PSoC4/cyfitter_cfg.c **** 	/* CYDEV_CLK_SELECT Starting address: CYDEV_CLK_SELECT */
 174:.\Generated_Source\PSoC4/cyfitter_cfg.c **** 	CY_SET_XTND_REG32((void CYFAR *)(CYREG_CLK_SELECT), 0x00000000u);
  97              		.loc 1 174 0
  98 0060 0025     		mov	r5, #0
  99 0062 244B     		ldr	r3, .L2+76
 100 0064 1D60     		str	r5, [r3]
 175:.\Generated_Source\PSoC4/cyfitter_cfg.c **** 
 176:.\Generated_Source\PSoC4/cyfitter_cfg.c **** 	/* CYDEV_PERI_PCLK_CTL12 Starting address: CYDEV_PERI_PCLK_CTL12 */
 177:.\Generated_Source\PSoC4/cyfitter_cfg.c **** 	CY_SET_XTND_REG32((void CYFAR *)(CYREG_PERI_PCLK_CTL12), 0x00000043u);
 101              		.loc 1 177 0
 102 0066 4322     		mov	r2, #67
 103 0068 234B     		ldr	r3, .L2+80
 104 006a 1A60     		str	r2, [r3]
 178:.\Generated_Source\PSoC4/cyfitter_cfg.c **** 
 179:.\Generated_Source\PSoC4/cyfitter_cfg.c **** 	/* CYDEV_PERI_PCLK_CTL6 Starting address: CYDEV_PERI_PCLK_CTL6 */
 180:.\Generated_Source\PSoC4/cyfitter_cfg.c **** 	CY_SET_XTND_REG32((void CYFAR *)(CYREG_PERI_PCLK_CTL6), 0x000000C0u);
 105              		.loc 1 180 0
ARM GAS  C:\Users\simon\AppData\Local\Temp\ccfp7L8W.s 			page 6


 106 006c 7D32     		add	r2, r2, #125
 107 006e 234B     		ldr	r3, .L2+84
 108 0070 1A60     		str	r2, [r3]
 181:.\Generated_Source\PSoC4/cyfitter_cfg.c **** 
 182:.\Generated_Source\PSoC4/cyfitter_cfg.c **** 	/* CYDEV_PERI_PCLK_CTL5 Starting address: CYDEV_PERI_PCLK_CTL5 */
 183:.\Generated_Source\PSoC4/cyfitter_cfg.c **** 	CY_SET_XTND_REG32((void CYFAR *)(CYREG_PERI_PCLK_CTL5), 0x00000045u);
 109              		.loc 1 183 0
 110 0072 7B3A     		sub	r2, r2, #123
 111 0074 224B     		ldr	r3, .L2+88
 112 0076 1A60     		str	r2, [r3]
 184:.\Generated_Source\PSoC4/cyfitter_cfg.c **** 
 185:.\Generated_Source\PSoC4/cyfitter_cfg.c **** 	/* CYDEV_PERI_PCLK_CTL4 Starting address: CYDEV_PERI_PCLK_CTL4 */
 186:.\Generated_Source\PSoC4/cyfitter_cfg.c **** 	CY_SET_XTND_REG32((void CYFAR *)(CYREG_PERI_PCLK_CTL4), 0x00000042u);
 113              		.loc 1 186 0
 114 0078 033A     		sub	r2, r2, #3
 115 007a 224B     		ldr	r3, .L2+92
 116 007c 1A60     		str	r2, [r3]
 187:.\Generated_Source\PSoC4/cyfitter_cfg.c **** 
 188:.\Generated_Source\PSoC4/cyfitter_cfg.c **** 	/* CYDEV_PERI_PCLK_CTL3 Starting address: CYDEV_PERI_PCLK_CTL3 */
 189:.\Generated_Source\PSoC4/cyfitter_cfg.c **** 	CY_SET_XTND_REG32((void CYFAR *)(CYREG_PERI_PCLK_CTL3), 0x00000040u);
 117              		.loc 1 189 0
 118 007e 023A     		sub	r2, r2, #2
 119 0080 214B     		ldr	r3, .L2+96
 120 0082 1A60     		str	r2, [r3]
 190:.\Generated_Source\PSoC4/cyfitter_cfg.c **** 
 191:.\Generated_Source\PSoC4/cyfitter_cfg.c **** 	/* CYDEV_PERI_PCLK_CTL1 Starting address: CYDEV_PERI_PCLK_CTL1 */
 192:.\Generated_Source\PSoC4/cyfitter_cfg.c **** 	CY_SET_XTND_REG32((void CYFAR *)(CYREG_PERI_PCLK_CTL1), 0x00000044u);
 121              		.loc 1 192 0
 122 0084 0432     		add	r2, r2, #4
 123 0086 214B     		ldr	r3, .L2+100
 124 0088 1A60     		str	r2, [r3]
 193:.\Generated_Source\PSoC4/cyfitter_cfg.c **** 
 194:.\Generated_Source\PSoC4/cyfitter_cfg.c **** 	(void)CyIntSetVector(11u, &CySysTimerIsr);
 125              		.loc 1 194 0
 126 008a 0B20     		mov	r0, #11
 127 008c 2049     		ldr	r1, .L2+104
 128 008e FFF7FEFF 		bl	CyIntSetVector
 129              	.LVL1:
 195:.\Generated_Source\PSoC4/cyfitter_cfg.c **** 	CyIntEnable(11u);
 130              		.loc 1 195 0
 131 0092 0B20     		mov	r0, #11
 132 0094 FFF7FEFF 		bl	CyIntEnable
 133              	.LVL2:
 196:.\Generated_Source\PSoC4/cyfitter_cfg.c **** 	CY_SET_XTND_REG32((void CYFAR *)(CYREG_WCO_WDT_CONFIG), 0x00000000u);
 134              		.loc 1 196 0
 135 0098 1E4B     		ldr	r3, .L2+108
 136 009a 1D60     		str	r5, [r3]
 197:.\Generated_Source\PSoC4/cyfitter_cfg.c **** 	CySysClkSetTimerSource(CY_SYS_CLK_TIMER_SRC_ILO);
 137              		.loc 1 197 0
 138 009c 0020     		mov	r0, #0
 139 009e FFF7FEFF 		bl	CySysClkSetTimerSource
 140              	.LVL3:
 198:.\Generated_Source\PSoC4/cyfitter_cfg.c **** 	/* Set Flash Cycles based on newly configured 24.00MHz HFCLK. */
 199:.\Generated_Source\PSoC4/cyfitter_cfg.c **** 	CY_SET_REG32((void CYXDATA *)(CYREG_CPUSS_FLASH_CTL), (0x0011u));
 141              		.loc 1 199 0
 142 00a2 1123     		mov	r3, #17
 143 00a4 2360     		str	r3, [r4]
ARM GAS  C:\Users\simon\AppData\Local\Temp\ccfp7L8W.s 			page 7


 200:.\Generated_Source\PSoC4/cyfitter_cfg.c **** }
 144              		.loc 1 200 0
 145              		@ sp needed
 146 00a6 38BD     		pop	{r3, r4, r5, pc}
 147              	.L3:
 148              		.align	2
 149              	.L2:
 150 00a8 30001040 		.word	1074790448
 151 00ac 04030040 		.word	1073742596
 152 00b0 41FF0080 		.word	-2147418303
 153 00b4 0C030040 		.word	1073742604
 154 00b8 43FF0080 		.word	-2147418301
 155 00bc 00BFD401 		.word	30719744
 156 00c0 00050040 		.word	1073743104
 157 00c4 C0FF0080 		.word	-2147418176
 158 00c8 00BF5D00 		.word	6143744
 159 00cc 14030040 		.word	1073742612
 160 00d0 45FF0080 		.word	-2147418299
 161 00d4 08030040 		.word	1073742600
 162 00d8 42FF0080 		.word	-2147418302
 163 00dc 00030040 		.word	1073742592
 164 00e0 40FF0080 		.word	-2147418304
 165 00e4 10030040 		.word	1073742608
 166 00e8 44FF0080 		.word	-2147418300
 167 00ec 20000080 		.word	-2147483616
 168 00f0 30000340 		.word	1073938480
 169 00f4 28000340 		.word	1073938472
 170 00f8 30010040 		.word	1073742128
 171 00fc 18010040 		.word	1073742104
 172 0100 14010040 		.word	1073742100
 173 0104 10010040 		.word	1073742096
 174 0108 0C010040 		.word	1073742092
 175 010c 04010040 		.word	1073742084
 176 0110 00000000 		.word	CySysTimerIsr
 177 0114 0C020640 		.word	1074135564
 178              		.cfi_endproc
 179              	.LFE4:
 180              		.size	ClockSetup, .-ClockSetup
 181              		.section	.text.SetAnalogRoutingPumps,"ax",%progbits
 182              		.align	2
 183              		.global	SetAnalogRoutingPumps
 184              		.code	16
 185              		.thumb_func
 186              		.type	SetAnalogRoutingPumps, %function
 187              	SetAnalogRoutingPumps:
 188              	.LFB6:
 201:.\Generated_Source\PSoC4/cyfitter_cfg.c **** 
 202:.\Generated_Source\PSoC4/cyfitter_cfg.c **** 
 203:.\Generated_Source\PSoC4/cyfitter_cfg.c **** /* Analog API Functions */
 204:.\Generated_Source\PSoC4/cyfitter_cfg.c **** 
 205:.\Generated_Source\PSoC4/cyfitter_cfg.c **** 
 206:.\Generated_Source\PSoC4/cyfitter_cfg.c **** /*******************************************************************************
 207:.\Generated_Source\PSoC4/cyfitter_cfg.c **** * Function Name: AnalogSetDefault
 208:.\Generated_Source\PSoC4/cyfitter_cfg.c **** ********************************************************************************
 209:.\Generated_Source\PSoC4/cyfitter_cfg.c **** *
 210:.\Generated_Source\PSoC4/cyfitter_cfg.c **** * Summary:
 211:.\Generated_Source\PSoC4/cyfitter_cfg.c **** *  Sets up the analog portions of the chip to default values based on chip
ARM GAS  C:\Users\simon\AppData\Local\Temp\ccfp7L8W.s 			page 8


 212:.\Generated_Source\PSoC4/cyfitter_cfg.c **** *  configuration options from the project.
 213:.\Generated_Source\PSoC4/cyfitter_cfg.c **** *
 214:.\Generated_Source\PSoC4/cyfitter_cfg.c **** * Parameters:
 215:.\Generated_Source\PSoC4/cyfitter_cfg.c **** *  void
 216:.\Generated_Source\PSoC4/cyfitter_cfg.c **** *
 217:.\Generated_Source\PSoC4/cyfitter_cfg.c **** * Return:
 218:.\Generated_Source\PSoC4/cyfitter_cfg.c **** *  void
 219:.\Generated_Source\PSoC4/cyfitter_cfg.c **** *
 220:.\Generated_Source\PSoC4/cyfitter_cfg.c **** *******************************************************************************/
 221:.\Generated_Source\PSoC4/cyfitter_cfg.c **** static void AnalogSetDefault(void);
 222:.\Generated_Source\PSoC4/cyfitter_cfg.c **** static void AnalogSetDefault(void)
 223:.\Generated_Source\PSoC4/cyfitter_cfg.c **** {
 224:.\Generated_Source\PSoC4/cyfitter_cfg.c **** 	CY_SET_XTND_REG32((void CYFAR *)CYREG_HSIOM_AMUX_SPLIT_CTL0, 0x00000030u);
 225:.\Generated_Source\PSoC4/cyfitter_cfg.c **** 	CY_SET_XTND_REG32((void CYFAR *)CYREG_HSIOM_AMUX_SPLIT_CTL2, 0x00000003u);
 226:.\Generated_Source\PSoC4/cyfitter_cfg.c **** 	CY_SET_XTND_REG32((void CYFAR *)CYREG_CSD_SW_DSI_SEL, 0x00000010u);
 227:.\Generated_Source\PSoC4/cyfitter_cfg.c **** 	CY_SET_XTND_REG32((void CYFAR *)CYREG_CTB0_CTB_CTRL, 0x80000000u);
 228:.\Generated_Source\PSoC4/cyfitter_cfg.c **** 	CY_SET_XTND_REG32((void CYFAR *)CYREG_CTB0_OA0_SW, 0x00000804u);
 229:.\Generated_Source\PSoC4/cyfitter_cfg.c **** 	CY_SET_XTND_REG32((void CYFAR *)CYREG_CTB1_CTB_CTRL, 0x80000000u);
 230:.\Generated_Source\PSoC4/cyfitter_cfg.c **** 	CY_SET_XTND_REG32((void CYFAR *)CYREG_CTB1_OA0_SW, 0x22000004u);
 231:.\Generated_Source\PSoC4/cyfitter_cfg.c **** 	CY_SET_XTND_REG32((void CYFAR *)CYREG_CTB1_OA1_SW, 0x01080080u);
 232:.\Generated_Source\PSoC4/cyfitter_cfg.c **** 	CY_SET_XTND_REG32((void CYFAR *)CYREG_ART_CTRL, 0x80000000u);
 233:.\Generated_Source\PSoC4/cyfitter_cfg.c **** 	CY_SET_XTND_REG32((void CYFAR *)CYREG_ART_SARMUXVPLUS_SW, 0x01000010u);
 234:.\Generated_Source\PSoC4/cyfitter_cfg.c **** 	CY_SET_XTND_REG32((void CYFAR *)CYREG_ART_SARMUXVMINUS_SW, 0x02000020u);
 235:.\Generated_Source\PSoC4/cyfitter_cfg.c **** 	CY_SET_XTND_REG32((void CYFAR *)CYREG_ART_SARMUX_SW_HW_CTRL, 0x00000030u);
 236:.\Generated_Source\PSoC4/cyfitter_cfg.c **** 	CY_SET_XTND_REG32((void CYFAR *)CYREG_ART_CTB1VREF_SW, 0x00020000u);
 237:.\Generated_Source\PSoC4/cyfitter_cfg.c **** 	CY_SET_XTND_REG32((void CYFAR *)CYREG_SAR_CTRL, 0x80000000u);
 238:.\Generated_Source\PSoC4/cyfitter_cfg.c **** 	CY_SET_XTND_REG32((void CYFAR *)CYREG_SAR_MUX_SWITCH0, 0x00080001u);
 239:.\Generated_Source\PSoC4/cyfitter_cfg.c **** 	CY_SET_XTND_REG32((void CYFAR *)CYREG_SAR_MUX_SWITCH_HW_CTRL, 0x00080001u);
 240:.\Generated_Source\PSoC4/cyfitter_cfg.c **** 	CY_SET_XTND_REG32((void CYFAR *)CYREG_PASS_PRB_CTRL, 0x80000001u);
 241:.\Generated_Source\PSoC4/cyfitter_cfg.c **** 	CY_SET_XTND_REG32((void CYFAR *)CYREG_PASS_PRB_REF0, 0x000000F1u);
 242:.\Generated_Source\PSoC4/cyfitter_cfg.c **** 	CY_SET_XTND_REG32((void CYFAR *)CYREG_PASS_DSAB_DSAB_CTRL, 0x00000000u);
 243:.\Generated_Source\PSoC4/cyfitter_cfg.c **** 	SetAnalogRoutingPumps(1);
 244:.\Generated_Source\PSoC4/cyfitter_cfg.c **** }
 245:.\Generated_Source\PSoC4/cyfitter_cfg.c **** 
 246:.\Generated_Source\PSoC4/cyfitter_cfg.c **** 
 247:.\Generated_Source\PSoC4/cyfitter_cfg.c **** /*******************************************************************************
 248:.\Generated_Source\PSoC4/cyfitter_cfg.c **** * Function Name: SetAnalogRoutingPumps
 249:.\Generated_Source\PSoC4/cyfitter_cfg.c **** ********************************************************************************
 250:.\Generated_Source\PSoC4/cyfitter_cfg.c **** *
 251:.\Generated_Source\PSoC4/cyfitter_cfg.c **** * Summary:
 252:.\Generated_Source\PSoC4/cyfitter_cfg.c **** * Enables or disables the analog pumps feeding analog routing switches.
 253:.\Generated_Source\PSoC4/cyfitter_cfg.c **** * Intended to be called at startup, based on the Vdda system configuration;
 254:.\Generated_Source\PSoC4/cyfitter_cfg.c **** * may be called during operation when the user informs us that the Vdda voltage crossed the pump th
 255:.\Generated_Source\PSoC4/cyfitter_cfg.c **** *
 256:.\Generated_Source\PSoC4/cyfitter_cfg.c **** * Parameters:
 257:.\Generated_Source\PSoC4/cyfitter_cfg.c **** *  enabled - 1 to enable the pumps, 0 to disable the pumps
 258:.\Generated_Source\PSoC4/cyfitter_cfg.c **** *
 259:.\Generated_Source\PSoC4/cyfitter_cfg.c **** * Return:
 260:.\Generated_Source\PSoC4/cyfitter_cfg.c **** *  void
 261:.\Generated_Source\PSoC4/cyfitter_cfg.c **** *
 262:.\Generated_Source\PSoC4/cyfitter_cfg.c **** *******************************************************************************/
 263:.\Generated_Source\PSoC4/cyfitter_cfg.c **** void SetAnalogRoutingPumps(uint8 enabled)
 264:.\Generated_Source\PSoC4/cyfitter_cfg.c **** {
 189              		.loc 1 264 0
 190              		.cfi_startproc
 191              	.LVL4:
 265:.\Generated_Source\PSoC4/cyfitter_cfg.c **** 	uint32 regValue = CY_GET_XTND_REG32((void *)(CYREG_SAR_PUMP_CTRL));
ARM GAS  C:\Users\simon\AppData\Local\Temp\ccfp7L8W.s 			page 9


 192              		.loc 1 265 0
 193 0000 064B     		ldr	r3, .L7
 194 0002 1B68     		ldr	r3, [r3]
 195              	.LVL5:
 266:.\Generated_Source\PSoC4/cyfitter_cfg.c **** 	if (enabled != 0u)
 196              		.loc 1 266 0
 197 0004 0028     		cmp	r0, #0
 198 0006 03D0     		beq	.L5
 267:.\Generated_Source\PSoC4/cyfitter_cfg.c **** 	{
 268:.\Generated_Source\PSoC4/cyfitter_cfg.c **** 		regValue |= 0x80000000u;
 199              		.loc 1 268 0
 200 0008 8022     		mov	r2, #128
 201 000a 1206     		lsl	r2, r2, #24
 202 000c 1343     		orr	r3, r2
 203              	.LVL6:
 204 000e 01E0     		b	.L6
 205              	.L5:
 269:.\Generated_Source\PSoC4/cyfitter_cfg.c **** 	}
 270:.\Generated_Source\PSoC4/cyfitter_cfg.c **** 	else
 271:.\Generated_Source\PSoC4/cyfitter_cfg.c **** 	{
 272:.\Generated_Source\PSoC4/cyfitter_cfg.c **** 		regValue &= ~0x80000000u;
 206              		.loc 1 272 0
 207 0010 5B00     		lsl	r3, r3, #1
 208              	.LVL7:
 209 0012 5B08     		lsr	r3, r3, #1
 210              	.LVL8:
 211              	.L6:
 273:.\Generated_Source\PSoC4/cyfitter_cfg.c **** 	}
 274:.\Generated_Source\PSoC4/cyfitter_cfg.c **** 	CY_SET_XTND_REG32((void *)(CYREG_SAR_PUMP_CTRL), regValue);
 212              		.loc 1 274 0
 213 0014 014A     		ldr	r2, .L7
 214 0016 1360     		str	r3, [r2]
 275:.\Generated_Source\PSoC4/cyfitter_cfg.c **** }
 215              		.loc 1 275 0
 216              		@ sp needed
 217 0018 7047     		bx	lr
 218              	.L8:
 219 001a C046     		.align	2
 220              	.L7:
 221 001c 80033A40 		.word	1077543808
 222              		.cfi_endproc
 223              	.LFE6:
 224              		.size	SetAnalogRoutingPumps, .-SetAnalogRoutingPumps
 225              		.section	.text.AnalogSetDefault,"ax",%progbits
 226              		.align	2
 227              		.code	16
 228              		.thumb_func
 229              		.type	AnalogSetDefault, %function
 230              	AnalogSetDefault:
 231              	.LFB5:
 223:.\Generated_Source\PSoC4/cyfitter_cfg.c **** 	CY_SET_XTND_REG32((void CYFAR *)CYREG_HSIOM_AMUX_SPLIT_CTL0, 0x00000030u);
 232              		.loc 1 223 0
 233              		.cfi_startproc
 234 0000 08B5     		push	{r3, lr}
 235              		.cfi_def_cfa_offset 8
 236              		.cfi_offset 3, -8
 237              		.cfi_offset 14, -4
ARM GAS  C:\Users\simon\AppData\Local\Temp\ccfp7L8W.s 			page 10


 224:.\Generated_Source\PSoC4/cyfitter_cfg.c **** 	CY_SET_XTND_REG32((void CYFAR *)CYREG_HSIOM_AMUX_SPLIT_CTL2, 0x00000003u);
 238              		.loc 1 224 0
 239 0002 3022     		mov	r2, #48
 240 0004 1C4B     		ldr	r3, .L10
 241 0006 1A60     		str	r2, [r3]
 225:.\Generated_Source\PSoC4/cyfitter_cfg.c **** 	CY_SET_XTND_REG32((void CYFAR *)CYREG_CSD_SW_DSI_SEL, 0x00000010u);
 242              		.loc 1 225 0
 243 0008 0321     		mov	r1, #3
 244 000a 1C4B     		ldr	r3, .L10+4
 245 000c 1960     		str	r1, [r3]
 226:.\Generated_Source\PSoC4/cyfitter_cfg.c **** 	CY_SET_XTND_REG32((void CYFAR *)CYREG_CTB0_CTB_CTRL, 0x80000000u);
 246              		.loc 1 226 0
 247 000e 0D31     		add	r1, r1, #13
 248 0010 1B4B     		ldr	r3, .L10+8
 249 0012 1960     		str	r1, [r3]
 227:.\Generated_Source\PSoC4/cyfitter_cfg.c **** 	CY_SET_XTND_REG32((void CYFAR *)CYREG_CTB0_OA0_SW, 0x00000804u);
 250              		.loc 1 227 0
 251 0014 8023     		mov	r3, #128
 252 0016 1B06     		lsl	r3, r3, #24
 253 0018 1A49     		ldr	r1, .L10+12
 254 001a 0B60     		str	r3, [r1]
 228:.\Generated_Source\PSoC4/cyfitter_cfg.c **** 	CY_SET_XTND_REG32((void CYFAR *)CYREG_CTB1_CTB_CTRL, 0x80000000u);
 255              		.loc 1 228 0
 256 001c 1A48     		ldr	r0, .L10+16
 257 001e 1B49     		ldr	r1, .L10+20
 258 0020 0860     		str	r0, [r1]
 229:.\Generated_Source\PSoC4/cyfitter_cfg.c **** 	CY_SET_XTND_REG32((void CYFAR *)CYREG_CTB1_OA0_SW, 0x22000004u);
 259              		.loc 1 229 0
 260 0022 1B49     		ldr	r1, .L10+24
 261 0024 0B60     		str	r3, [r1]
 230:.\Generated_Source\PSoC4/cyfitter_cfg.c **** 	CY_SET_XTND_REG32((void CYFAR *)CYREG_CTB1_OA1_SW, 0x01080080u);
 262              		.loc 1 230 0
 263 0026 1B48     		ldr	r0, .L10+28
 264 0028 1B49     		ldr	r1, .L10+32
 265 002a 0860     		str	r0, [r1]
 231:.\Generated_Source\PSoC4/cyfitter_cfg.c **** 	CY_SET_XTND_REG32((void CYFAR *)CYREG_ART_CTRL, 0x80000000u);
 266              		.loc 1 231 0
 267 002c 1B48     		ldr	r0, .L10+36
 268 002e 1C49     		ldr	r1, .L10+40
 269 0030 0860     		str	r0, [r1]
 232:.\Generated_Source\PSoC4/cyfitter_cfg.c **** 	CY_SET_XTND_REG32((void CYFAR *)CYREG_ART_SARMUXVPLUS_SW, 0x01000010u);
 270              		.loc 1 232 0
 271 0032 1C49     		ldr	r1, .L10+44
 272 0034 0B60     		str	r3, [r1]
 233:.\Generated_Source\PSoC4/cyfitter_cfg.c **** 	CY_SET_XTND_REG32((void CYFAR *)CYREG_ART_SARMUXVMINUS_SW, 0x02000020u);
 273              		.loc 1 233 0
 274 0036 1C48     		ldr	r0, .L10+48
 275 0038 1C49     		ldr	r1, .L10+52
 276 003a 0860     		str	r0, [r1]
 234:.\Generated_Source\PSoC4/cyfitter_cfg.c **** 	CY_SET_XTND_REG32((void CYFAR *)CYREG_ART_SARMUX_SW_HW_CTRL, 0x00000030u);
 277              		.loc 1 234 0
 278 003c 1C48     		ldr	r0, .L10+56
 279 003e 1D49     		ldr	r1, .L10+60
 280 0040 0860     		str	r0, [r1]
 235:.\Generated_Source\PSoC4/cyfitter_cfg.c **** 	CY_SET_XTND_REG32((void CYFAR *)CYREG_ART_CTB1VREF_SW, 0x00020000u);
 281              		.loc 1 235 0
 282 0042 1D49     		ldr	r1, .L10+64
ARM GAS  C:\Users\simon\AppData\Local\Temp\ccfp7L8W.s 			page 11


 283 0044 0A60     		str	r2, [r1]
 236:.\Generated_Source\PSoC4/cyfitter_cfg.c **** 	CY_SET_XTND_REG32((void CYFAR *)CYREG_SAR_CTRL, 0x80000000u);
 284              		.loc 1 236 0
 285 0046 8021     		mov	r1, #128
 286 0048 8902     		lsl	r1, r1, #10
 287 004a 1C4A     		ldr	r2, .L10+68
 288 004c 1160     		str	r1, [r2]
 237:.\Generated_Source\PSoC4/cyfitter_cfg.c **** 	CY_SET_XTND_REG32((void CYFAR *)CYREG_SAR_MUX_SWITCH0, 0x00080001u);
 289              		.loc 1 237 0
 290 004e 1C4A     		ldr	r2, .L10+72
 291 0050 1360     		str	r3, [r2]
 238:.\Generated_Source\PSoC4/cyfitter_cfg.c **** 	CY_SET_XTND_REG32((void CYFAR *)CYREG_SAR_MUX_SWITCH_HW_CTRL, 0x00080001u);
 292              		.loc 1 238 0
 293 0052 1C4B     		ldr	r3, .L10+76
 294 0054 1C4A     		ldr	r2, .L10+80
 295 0056 1360     		str	r3, [r2]
 239:.\Generated_Source\PSoC4/cyfitter_cfg.c **** 	CY_SET_XTND_REG32((void CYFAR *)CYREG_PASS_PRB_CTRL, 0x80000001u);
 296              		.loc 1 239 0
 297 0058 1C4A     		ldr	r2, .L10+84
 298 005a 1360     		str	r3, [r2]
 240:.\Generated_Source\PSoC4/cyfitter_cfg.c **** 	CY_SET_XTND_REG32((void CYFAR *)CYREG_PASS_PRB_REF0, 0x000000F1u);
 299              		.loc 1 240 0
 300 005c 1C4A     		ldr	r2, .L10+88
 301 005e 1D4B     		ldr	r3, .L10+92
 302 0060 1A60     		str	r2, [r3]
 241:.\Generated_Source\PSoC4/cyfitter_cfg.c **** 	CY_SET_XTND_REG32((void CYFAR *)CYREG_PASS_DSAB_DSAB_CTRL, 0x00000000u);
 303              		.loc 1 241 0
 304 0062 F122     		mov	r2, #241
 305 0064 1C4B     		ldr	r3, .L10+96
 306 0066 1A60     		str	r2, [r3]
 242:.\Generated_Source\PSoC4/cyfitter_cfg.c **** 	SetAnalogRoutingPumps(1);
 307              		.loc 1 242 0
 308 0068 0022     		mov	r2, #0
 309 006a 1C4B     		ldr	r3, .L10+100
 310 006c 1A60     		str	r2, [r3]
 243:.\Generated_Source\PSoC4/cyfitter_cfg.c **** }
 311              		.loc 1 243 0
 312 006e 0120     		mov	r0, #1
 313 0070 FFF7FEFF 		bl	SetAnalogRoutingPumps
 314              	.LVL9:
 244:.\Generated_Source\PSoC4/cyfitter_cfg.c **** 
 315              		.loc 1 244 0
 316              		@ sp needed
 317 0074 08BD     		pop	{r3, pc}
 318              	.L11:
 319 0076 C046     		.align	2
 320              	.L10:
 321 0078 00210240 		.word	1073881344
 322 007c 08210240 		.word	1073881352
 323 0080 C0020C40 		.word	1074528960
 324 0084 00003040 		.word	1076887552
 325 0088 04080000 		.word	2052
 326 008c 80003040 		.word	1076887680
 327 0090 00003140 		.word	1076953088
 328 0094 04000022 		.word	570425348
 329 0098 80003140 		.word	1076953216
 330 009c 80000801 		.word	17301632
ARM GAS  C:\Users\simon\AppData\Local\Temp\ccfp7L8W.s 			page 12


 331 00a0 88003140 		.word	1076953224
 332 00a4 00003840 		.word	1077411840
 333 00a8 10000001 		.word	16777232
 334 00ac 10003840 		.word	1077411856
 335 00b0 20000002 		.word	33554464
 336 00b4 18003840 		.word	1077411864
 337 00b8 60003840 		.word	1077411936
 338 00bc C0013840 		.word	1077412288
 339 00c0 00003A40 		.word	1077542912
 340 00c4 01000800 		.word	524289
 341 00c8 00033A40 		.word	1077543680
 342 00cc 40033A40 		.word	1077543744
 343 00d0 01000080 		.word	-2147483647
 344 00d4 00023F40 		.word	1077871104
 345 00d8 04023F40 		.word	1077871108
 346 00dc 000E3F40 		.word	1077874176
 347              		.cfi_endproc
 348              	.LFE5:
 349              		.size	AnalogSetDefault, .-AnalogSetDefault
 350              		.section	.psocinit
 351              		.align	2
 352              		.global	cyfitter_cfg
 353              		.code	16
 354              		.thumb_func
 355              		.type	cyfitter_cfg, %function
 356              	cyfitter_cfg:
 357              	.LFB7:
 276:.\Generated_Source\PSoC4/cyfitter_cfg.c **** 
 277:.\Generated_Source\PSoC4/cyfitter_cfg.c **** #define CY_AMUX_UNUSED CYREG_CM0P_ROM_DWT
 278:.\Generated_Source\PSoC4/cyfitter_cfg.c **** 
 279:.\Generated_Source\PSoC4/cyfitter_cfg.c **** 
 280:.\Generated_Source\PSoC4/cyfitter_cfg.c **** /*******************************************************************************
 281:.\Generated_Source\PSoC4/cyfitter_cfg.c **** * Function Name: cyfitter_cfg
 282:.\Generated_Source\PSoC4/cyfitter_cfg.c **** ********************************************************************************
 283:.\Generated_Source\PSoC4/cyfitter_cfg.c **** * Summary:
 284:.\Generated_Source\PSoC4/cyfitter_cfg.c **** *  This function is called by the start-up code for the selected device. It
 285:.\Generated_Source\PSoC4/cyfitter_cfg.c **** *  performs all of the necessary device configuration based on the design
 286:.\Generated_Source\PSoC4/cyfitter_cfg.c **** *  settings.  This includes settings from the Design Wide Resources (DWR) such
 287:.\Generated_Source\PSoC4/cyfitter_cfg.c **** *  as Clocks and Pins as well as any component configuration that is necessary.
 288:.\Generated_Source\PSoC4/cyfitter_cfg.c **** *
 289:.\Generated_Source\PSoC4/cyfitter_cfg.c **** * Parameters:  
 290:.\Generated_Source\PSoC4/cyfitter_cfg.c **** *   void
 291:.\Generated_Source\PSoC4/cyfitter_cfg.c **** *
 292:.\Generated_Source\PSoC4/cyfitter_cfg.c **** * Return:
 293:.\Generated_Source\PSoC4/cyfitter_cfg.c **** *   void
 294:.\Generated_Source\PSoC4/cyfitter_cfg.c **** *
 295:.\Generated_Source\PSoC4/cyfitter_cfg.c **** *******************************************************************************/
 296:.\Generated_Source\PSoC4/cyfitter_cfg.c **** CY_CFG_SECTION
 297:.\Generated_Source\PSoC4/cyfitter_cfg.c **** void cyfitter_cfg(void)
 298:.\Generated_Source\PSoC4/cyfitter_cfg.c **** {
 358              		.loc 1 298 0
 359              		.cfi_startproc
 360 0118 08B5     		push	{r3, lr}
 361              		.cfi_def_cfa_offset 8
 362              		.cfi_offset 3, -8
 363              		.cfi_offset 14, -4
 299:.\Generated_Source\PSoC4/cyfitter_cfg.c **** 	/* Disable interrupts by default. Let user enable if/when they want. */
ARM GAS  C:\Users\simon\AppData\Local\Temp\ccfp7L8W.s 			page 13


 300:.\Generated_Source\PSoC4/cyfitter_cfg.c **** 	CyGlobalIntDisable;
 364              		.loc 1 300 0
 365              	@ 300 ".\Generated_Source\PSoC4\cyfitter_cfg.c" 1
 366 011a 72B6     		CPSID   i
 367              	@ 0 "" 2
 301:.\Generated_Source\PSoC4/cyfitter_cfg.c **** 
 302:.\Generated_Source\PSoC4/cyfitter_cfg.c **** 	{
 303:.\Generated_Source\PSoC4/cyfitter_cfg.c **** 		/* HSIOM Starting address: CYDEV_HSIOM_BASE */
 304:.\Generated_Source\PSoC4/cyfitter_cfg.c **** 		CY_SET_XTND_REG32((void CYFAR *)(CYDEV_HSIOM_BASE), 0x009907EEu);
 368              		.loc 1 304 0
 369              		.code	16
 370 011c 1B4A     		ldr	r2, .L13
 371 011e 1C4B     		ldr	r3, .L13+4
 372 0120 1A60     		str	r2, [r3]
 305:.\Generated_Source\PSoC4/cyfitter_cfg.c **** 		CY_SET_XTND_REG32((void CYFAR *)(CYREG_HSIOM_PORT_SEL4), 0x00000008u);
 373              		.loc 1 305 0
 374 0122 0822     		mov	r2, #8
 375 0124 1B4B     		ldr	r3, .L13+8
 376 0126 1A60     		str	r2, [r3]
 306:.\Generated_Source\PSoC4/cyfitter_cfg.c **** 
 307:.\Generated_Source\PSoC4/cyfitter_cfg.c **** 		/* PASS_SAR_TRIG_SEL Starting address: CYDEV_PASS_SAR_TRIG_SEL */
 308:.\Generated_Source\PSoC4/cyfitter_cfg.c **** 		CY_SET_XTND_REG32((void CYFAR *)(CYREG_PASS_SAR_TRIG_SEL), 0x00000000u);
 377              		.loc 1 308 0
 378 0128 0022     		mov	r2, #0
 379 012a 1B4B     		ldr	r3, .L13+12
 380 012c 1A60     		str	r2, [r3]
 309:.\Generated_Source\PSoC4/cyfitter_cfg.c **** 
 310:.\Generated_Source\PSoC4/cyfitter_cfg.c **** 	}
 311:.\Generated_Source\PSoC4/cyfitter_cfg.c **** 
 312:.\Generated_Source\PSoC4/cyfitter_cfg.c **** 	/* Perform second pass device configuration. These items must be configured in specific order afte
 313:.\Generated_Source\PSoC4/cyfitter_cfg.c **** 	/* IOPINS0_0 Starting address: CYDEV_GPIO_PRT0_BASE */
 314:.\Generated_Source\PSoC4/cyfitter_cfg.c **** 	CY_SET_XTND_REG32((void CYFAR *)(CYDEV_GPIO_PRT0_BASE), 0x00000024u);
 381              		.loc 1 314 0
 382 012e 2423     		mov	r3, #36
 383 0130 1A4A     		ldr	r2, .L13+16
 384 0132 1360     		str	r3, [r2]
 315:.\Generated_Source\PSoC4/cyfitter_cfg.c **** 	CY_SET_XTND_REG32((void CYFAR *)(CYREG_GPIO_PRT0_PC), 0x00031036u);
 385              		.loc 1 315 0
 386 0134 1A49     		ldr	r1, .L13+20
 387 0136 1B4A     		ldr	r2, .L13+24
 388 0138 1160     		str	r1, [r2]
 316:.\Generated_Source\PSoC4/cyfitter_cfg.c **** 	CY_SET_XTND_REG32((void CYFAR *)(CYREG_GPIO_PRT0_PC2), 0x00000024u);
 389              		.loc 1 316 0
 390 013a 1B4A     		ldr	r2, .L13+28
 391 013c 1360     		str	r3, [r2]
 317:.\Generated_Source\PSoC4/cyfitter_cfg.c **** 
 318:.\Generated_Source\PSoC4/cyfitter_cfg.c **** 	/* IOPINS0_1 Starting address: CYDEV_GPIO_PRT1_BASE */
 319:.\Generated_Source\PSoC4/cyfitter_cfg.c **** 	CY_SET_XTND_REG32((void CYFAR *)(CYDEV_GPIO_PRT1_BASE), 0x000000A9u);
 392              		.loc 1 319 0
 393 013e 8533     		add	r3, r3, #133
 394 0140 1A4A     		ldr	r2, .L13+32
 395 0142 1360     		str	r3, [r2]
 320:.\Generated_Source\PSoC4/cyfitter_cfg.c **** 	CY_SET_XTND_REG32((void CYFAR *)(CYREG_GPIO_PRT1_PC), 0x00186000u);
 396              		.loc 1 320 0
 397 0144 C321     		mov	r1, #195
 398 0146 4903     		lsl	r1, r1, #13
 399 0148 194A     		ldr	r2, .L13+36
ARM GAS  C:\Users\simon\AppData\Local\Temp\ccfp7L8W.s 			page 14


 400 014a 1160     		str	r1, [r2]
 321:.\Generated_Source\PSoC4/cyfitter_cfg.c **** 	CY_SET_XTND_REG32((void CYFAR *)(CYREG_GPIO_PRT1_PC2), 0x000000A9u);
 401              		.loc 1 321 0
 402 014c 194A     		ldr	r2, .L13+40
 403 014e 1360     		str	r3, [r2]
 322:.\Generated_Source\PSoC4/cyfitter_cfg.c **** 
 323:.\Generated_Source\PSoC4/cyfitter_cfg.c **** 	/* IOPINS0_2 Starting address: CYDEV_GPIO_PRT2_BASE */
 324:.\Generated_Source\PSoC4/cyfitter_cfg.c **** 	CY_SET_XTND_REG32((void CYFAR *)(CYDEV_GPIO_PRT2_BASE), 0x00000087u);
 404              		.loc 1 324 0
 405 0150 223B     		sub	r3, r3, #34
 406 0152 194A     		ldr	r2, .L13+44
 407 0154 1360     		str	r3, [r2]
 325:.\Generated_Source\PSoC4/cyfitter_cfg.c **** 	CY_SET_XTND_REG32((void CYFAR *)(CYREG_GPIO_PRT2_PC), 0x00180000u);
 408              		.loc 1 325 0
 409 0156 C021     		mov	r1, #192
 410 0158 4903     		lsl	r1, r1, #13
 411 015a 184A     		ldr	r2, .L13+48
 412 015c 1160     		str	r1, [r2]
 326:.\Generated_Source\PSoC4/cyfitter_cfg.c **** 	CY_SET_XTND_REG32((void CYFAR *)(CYREG_GPIO_PRT2_PC2), 0x00000087u);
 413              		.loc 1 326 0
 414 015e 184A     		ldr	r2, .L13+52
 415 0160 1360     		str	r3, [r2]
 327:.\Generated_Source\PSoC4/cyfitter_cfg.c **** 
 328:.\Generated_Source\PSoC4/cyfitter_cfg.c **** 	/* IOPINS0_3 Starting address: CYDEV_GPIO_PRT3_BASE */
 329:.\Generated_Source\PSoC4/cyfitter_cfg.c **** 	CY_SET_XTND_REG32((void CYFAR *)(CYDEV_GPIO_PRT3_BASE), 0x00000001u);
 416              		.loc 1 329 0
 417 0162 863B     		sub	r3, r3, #134
 418 0164 174A     		ldr	r2, .L13+56
 419 0166 1360     		str	r3, [r2]
 330:.\Generated_Source\PSoC4/cyfitter_cfg.c **** 	CY_SET_XTND_REG32((void CYFAR *)(CYREG_GPIO_PRT3_PC2), 0x00000001u);
 420              		.loc 1 330 0
 421 0168 174A     		ldr	r2, .L13+60
 422 016a 1360     		str	r3, [r2]
 331:.\Generated_Source\PSoC4/cyfitter_cfg.c **** 
 332:.\Generated_Source\PSoC4/cyfitter_cfg.c **** 	/* IOPINS0_4 Starting address: CYDEV_GPIO_PRT4_BASE */
 333:.\Generated_Source\PSoC4/cyfitter_cfg.c **** 	CY_SET_XTND_REG32((void CYFAR *)(CYDEV_GPIO_PRT4_BASE), 0x00000001u);
 423              		.loc 1 333 0
 424 016c 174A     		ldr	r2, .L13+64
 425 016e 1360     		str	r3, [r2]
 334:.\Generated_Source\PSoC4/cyfitter_cfg.c **** 	CY_SET_XTND_REG32((void CYFAR *)(CYREG_GPIO_PRT4_PC), 0x00000006u);
 426              		.loc 1 334 0
 427 0170 0622     		mov	r2, #6
 428 0172 174B     		ldr	r3, .L13+68
 429 0174 1A60     		str	r2, [r3]
 335:.\Generated_Source\PSoC4/cyfitter_cfg.c **** 
 336:.\Generated_Source\PSoC4/cyfitter_cfg.c **** 	/* IOPINS0_5 Starting address: CYDEV_GPIO_PRT5_BASE */
 337:.\Generated_Source\PSoC4/cyfitter_cfg.c **** 	CY_SET_XTND_REG32((void CYFAR *)(CYDEV_GPIO_PRT5_BASE), 0x00000004u);
 430              		.loc 1 337 0
 431 0176 0423     		mov	r3, #4
 432 0178 164A     		ldr	r2, .L13+72
 433 017a 1360     		str	r3, [r2]
 338:.\Generated_Source\PSoC4/cyfitter_cfg.c **** 	CY_SET_XTND_REG32((void CYFAR *)(CYREG_GPIO_PRT5_PC2), 0x00000004u);
 434              		.loc 1 338 0
 435 017c 164A     		ldr	r2, .L13+76
 436 017e 1360     		str	r3, [r2]
 339:.\Generated_Source\PSoC4/cyfitter_cfg.c **** 
 340:.\Generated_Source\PSoC4/cyfitter_cfg.c **** 
ARM GAS  C:\Users\simon\AppData\Local\Temp\ccfp7L8W.s 			page 15


 341:.\Generated_Source\PSoC4/cyfitter_cfg.c **** 	/* Setup clocks based on selections from Clock DWR */
 342:.\Generated_Source\PSoC4/cyfitter_cfg.c **** 	ClockSetup();
 437              		.loc 1 342 0
 438 0180 FFF73EFF 		bl	ClockSetup
 439              	.LVL10:
 343:.\Generated_Source\PSoC4/cyfitter_cfg.c **** 
 344:.\Generated_Source\PSoC4/cyfitter_cfg.c **** 	/* Perform basic analog initialization to defaults */
 345:.\Generated_Source\PSoC4/cyfitter_cfg.c **** 	AnalogSetDefault();
 440              		.loc 1 345 0
 441 0184 FFF7FEFF 		bl	AnalogSetDefault
 442              	.LVL11:
 346:.\Generated_Source\PSoC4/cyfitter_cfg.c **** 
 347:.\Generated_Source\PSoC4/cyfitter_cfg.c **** }
 443              		.loc 1 347 0
 444              		@ sp needed
 445 0188 08BD     		pop	{r3, pc}
 446              	.L14:
 447 018a C046     		.align	2
 448              	.L13:
 449 018c EE079900 		.word	10029038
 450 0190 00000240 		.word	1073872896
 451 0194 00040240 		.word	1073873920
 452 0198 04013F40 		.word	1077870852
 453 019c 00000440 		.word	1074003968
 454 01a0 36100300 		.word	200758
 455 01a4 08000440 		.word	1074003976
 456 01a8 18000440 		.word	1074003992
 457 01ac 00010440 		.word	1074004224
 458 01b0 08010440 		.word	1074004232
 459 01b4 18010440 		.word	1074004248
 460 01b8 00020440 		.word	1074004480
 461 01bc 08020440 		.word	1074004488
 462 01c0 18020440 		.word	1074004504
 463 01c4 00030440 		.word	1074004736
 464 01c8 18030440 		.word	1074004760
 465 01cc 00040440 		.word	1074004992
 466 01d0 08040440 		.word	1074005000
 467 01d4 00050440 		.word	1074005248
 468 01d8 18050440 		.word	1074005272
 469              		.cfi_endproc
 470              	.LFE7:
 471              		.size	cyfitter_cfg, .-cyfitter_cfg
 472              		.text
 473              	.Letext0:
 474              		.file 2 ".\\Generated_Source\\PSoC4\\cytypes.h"
 475              		.file 3 ".\\Generated_Source\\PSoC4\\CyLib.h"
 476              		.file 4 ".\\Generated_Source\\PSoC4\\CyLFClk.h"
 477              		.section	.debug_info,"",%progbits
 478              	.Ldebug_info0:
 479 0000 EB010000 		.4byte	0x1eb
 480 0004 0400     		.2byte	0x4
 481 0006 00000000 		.4byte	.Ldebug_abbrev0
 482 000a 04       		.byte	0x4
 483 000b 01       		.uleb128 0x1
 484 000c 6F000000 		.4byte	.LASF23
 485 0010 01       		.byte	0x1
 486 0011 87010000 		.4byte	.LASF24
ARM GAS  C:\Users\simon\AppData\Local\Temp\ccfp7L8W.s 			page 16


 487 0015 FB010000 		.4byte	.LASF25
 488 0019 00000000 		.4byte	.Ldebug_ranges0+0
 489 001d 00000000 		.4byte	0
 490 0021 00000000 		.4byte	.Ldebug_line0
 491 0025 02       		.uleb128 0x2
 492 0026 04       		.byte	0x4
 493 0027 05       		.byte	0x5
 494 0028 696E7400 		.ascii	"int\000"
 495 002c 03       		.uleb128 0x3
 496 002d 04       		.byte	0x4
 497 002e 07       		.byte	0x7
 498 002f 56010000 		.4byte	.LASF0
 499 0033 03       		.uleb128 0x3
 500 0034 01       		.byte	0x1
 501 0035 06       		.byte	0x6
 502 0036 38020000 		.4byte	.LASF1
 503 003a 03       		.uleb128 0x3
 504 003b 01       		.byte	0x1
 505 003c 08       		.byte	0x8
 506 003d 61000000 		.4byte	.LASF2
 507 0041 03       		.uleb128 0x3
 508 0042 02       		.byte	0x2
 509 0043 05       		.byte	0x5
 510 0044 D3010000 		.4byte	.LASF3
 511 0048 03       		.uleb128 0x3
 512 0049 02       		.byte	0x2
 513 004a 07       		.byte	0x7
 514 004b 48000000 		.4byte	.LASF4
 515 004f 03       		.uleb128 0x3
 516 0050 04       		.byte	0x4
 517 0051 05       		.byte	0x5
 518 0052 F2010000 		.4byte	.LASF5
 519 0056 03       		.uleb128 0x3
 520 0057 04       		.byte	0x4
 521 0058 07       		.byte	0x7
 522 0059 01010000 		.4byte	.LASF6
 523 005d 03       		.uleb128 0x3
 524 005e 08       		.byte	0x8
 525 005f 05       		.byte	0x5
 526 0060 B8010000 		.4byte	.LASF7
 527 0064 03       		.uleb128 0x3
 528 0065 08       		.byte	0x8
 529 0066 07       		.byte	0x7
 530 0067 63010000 		.4byte	.LASF8
 531 006b 03       		.uleb128 0x3
 532 006c 04       		.byte	0x4
 533 006d 07       		.byte	0x7
 534 006e AF010000 		.4byte	.LASF9
 535 0072 04       		.uleb128 0x4
 536 0073 04       		.byte	0x4
 537 0074 78000000 		.4byte	0x78
 538 0078 05       		.uleb128 0x5
 539 0079 03       		.uleb128 0x3
 540 007a 01       		.byte	0x1
 541 007b 08       		.byte	0x8
 542 007c C6010000 		.4byte	.LASF10
 543 0080 06       		.uleb128 0x6
ARM GAS  C:\Users\simon\AppData\Local\Temp\ccfp7L8W.s 			page 17


 544 0081 13010000 		.4byte	.LASF11
 545 0085 02       		.byte	0x2
 546 0086 9801     		.2byte	0x198
 547 0088 3A000000 		.4byte	0x3a
 548 008c 06       		.uleb128 0x6
 549 008d 4F010000 		.4byte	.LASF12
 550 0091 02       		.byte	0x2
 551 0092 9A01     		.2byte	0x19a
 552 0094 56000000 		.4byte	0x56
 553 0098 03       		.uleb128 0x3
 554 0099 04       		.byte	0x4
 555 009a 04       		.byte	0x4
 556 009b 5B000000 		.4byte	.LASF13
 557 009f 03       		.uleb128 0x3
 558 00a0 08       		.byte	0x8
 559 00a1 04       		.byte	0x4
 560 00a2 3C010000 		.4byte	.LASF14
 561 00a6 06       		.uleb128 0x6
 562 00a7 00000000 		.4byte	.LASF15
 563 00ab 02       		.byte	0x2
 564 00ac 4402     		.2byte	0x244
 565 00ae B2000000 		.4byte	0xb2
 566 00b2 07       		.uleb128 0x7
 567 00b3 8C000000 		.4byte	0x8c
 568 00b7 06       		.uleb128 0x6
 569 00b8 7A010000 		.4byte	.LASF16
 570 00bc 02       		.byte	0x2
 571 00bd 5402     		.2byte	0x254
 572 00bf 72000000 		.4byte	0x72
 573 00c3 08       		.uleb128 0x8
 574 00c4 3D000000 		.4byte	.LASF17
 575 00c8 01       		.byte	0x1
 576 00c9 92       		.byte	0x92
 577 00ca 00000000 		.4byte	.LFB4
 578 00ce 18010000 		.4byte	.LFE4-.LFB4
 579 00d2 01       		.uleb128 0x1
 580 00d3 9C       		.byte	0x9c
 581 00d4 22010000 		.4byte	0x122
 582 00d8 09       		.uleb128 0x9
 583 00d9 0E000000 		.4byte	.LVL0
 584 00dd A5010000 		.4byte	0x1a5
 585 00e1 EB000000 		.4byte	0xeb
 586 00e5 0A       		.uleb128 0xa
 587 00e6 01       		.uleb128 0x1
 588 00e7 50       		.byte	0x50
 589 00e8 01       		.uleb128 0x1
 590 00e9 48       		.byte	0x48
 591 00ea 00       		.byte	0
 592 00eb 09       		.uleb128 0x9
 593 00ec 92000000 		.4byte	.LVL1
 594 00f0 B6010000 		.4byte	0x1b6
 595 00f4 FE000000 		.4byte	0xfe
 596 00f8 0A       		.uleb128 0xa
 597 00f9 01       		.uleb128 0x1
 598 00fa 50       		.byte	0x50
 599 00fb 01       		.uleb128 0x1
 600 00fc 3B       		.byte	0x3b
ARM GAS  C:\Users\simon\AppData\Local\Temp\ccfp7L8W.s 			page 18


 601 00fd 00       		.byte	0
 602 00fe 09       		.uleb128 0x9
 603 00ff 98000000 		.4byte	.LVL2
 604 0103 D0010000 		.4byte	0x1d0
 605 0107 11010000 		.4byte	0x111
 606 010b 0A       		.uleb128 0xa
 607 010c 01       		.uleb128 0x1
 608 010d 50       		.byte	0x50
 609 010e 01       		.uleb128 0x1
 610 010f 3B       		.byte	0x3b
 611 0110 00       		.byte	0
 612 0111 0B       		.uleb128 0xb
 613 0112 A2000000 		.4byte	.LVL3
 614 0116 E1010000 		.4byte	0x1e1
 615 011a 0A       		.uleb128 0xa
 616 011b 01       		.uleb128 0x1
 617 011c 50       		.byte	0x50
 618 011d 02       		.uleb128 0x2
 619 011e 75       		.byte	0x75
 620 011f 00       		.sleb128 0
 621 0120 00       		.byte	0
 622 0121 00       		.byte	0
 623 0122 0C       		.uleb128 0xc
 624 0123 26010000 		.4byte	.LASF19
 625 0127 01       		.byte	0x1
 626 0128 0701     		.2byte	0x107
 627 012a 00000000 		.4byte	.LFB6
 628 012e 20000000 		.4byte	.LFE6-.LFB6
 629 0132 01       		.uleb128 0x1
 630 0133 9C       		.byte	0x9c
 631 0134 57010000 		.4byte	0x157
 632 0138 0D       		.uleb128 0xd
 633 0139 CB010000 		.4byte	.LASF26
 634 013d 01       		.byte	0x1
 635 013e 0701     		.2byte	0x107
 636 0140 80000000 		.4byte	0x80
 637 0144 01       		.uleb128 0x1
 638 0145 50       		.byte	0x50
 639 0146 0E       		.uleb128 0xe
 640 0147 44020000 		.4byte	.LASF27
 641 014b 01       		.byte	0x1
 642 014c 0901     		.2byte	0x109
 643 014e 8C000000 		.4byte	0x8c
 644 0152 00000000 		.4byte	.LLST0
 645 0156 00       		.byte	0
 646 0157 08       		.uleb128 0x8
 647 0158 06000000 		.4byte	.LASF18
 648 015c 01       		.byte	0x1
 649 015d DE       		.byte	0xde
 650 015e 00000000 		.4byte	.LFB5
 651 0162 E0000000 		.4byte	.LFE5-.LFB5
 652 0166 01       		.uleb128 0x1
 653 0167 9C       		.byte	0x9c
 654 0168 7C010000 		.4byte	0x17c
 655 016c 0B       		.uleb128 0xb
 656 016d 74000000 		.4byte	.LVL9
 657 0171 22010000 		.4byte	0x122
ARM GAS  C:\Users\simon\AppData\Local\Temp\ccfp7L8W.s 			page 19


 658 0175 0A       		.uleb128 0xa
 659 0176 01       		.uleb128 0x1
 660 0177 50       		.byte	0x50
 661 0178 01       		.uleb128 0x1
 662 0179 31       		.byte	0x31
 663 017a 00       		.byte	0
 664 017b 00       		.byte	0
 665 017c 0C       		.uleb128 0xc
 666 017d 19010000 		.4byte	.LASF20
 667 0181 01       		.byte	0x1
 668 0182 2901     		.2byte	0x129
 669 0184 18010000 		.4byte	.LFB7
 670 0188 C4000000 		.4byte	.LFE7-.LFB7
 671 018c 01       		.uleb128 0x1
 672 018d 9C       		.byte	0x9c
 673 018e A5010000 		.4byte	0x1a5
 674 0192 0F       		.uleb128 0xf
 675 0193 84010000 		.4byte	.LVL10
 676 0197 C3000000 		.4byte	0xc3
 677 019b 0F       		.uleb128 0xf
 678 019c 88010000 		.4byte	.LVL11
 679 01a0 57010000 		.4byte	0x157
 680 01a4 00       		.byte	0
 681 01a5 10       		.uleb128 0x10
 682 01a6 DD010000 		.4byte	.LASF21
 683 01aa 03       		.byte	0x3
 684 01ab 6C       		.byte	0x6c
 685 01ac B6010000 		.4byte	0x1b6
 686 01b0 11       		.uleb128 0x11
 687 01b1 8C000000 		.4byte	0x8c
 688 01b5 00       		.byte	0
 689 01b6 12       		.uleb128 0x12
 690 01b7 2E000000 		.4byte	.LASF28
 691 01bb 03       		.byte	0x3
 692 01bc BB       		.byte	0xbb
 693 01bd B7000000 		.4byte	0xb7
 694 01c1 D0010000 		.4byte	0x1d0
 695 01c5 11       		.uleb128 0x11
 696 01c6 80000000 		.4byte	0x80
 697 01ca 11       		.uleb128 0x11
 698 01cb B7000000 		.4byte	0xb7
 699 01cf 00       		.byte	0
 700 01d0 10       		.uleb128 0x10
 701 01d1 43010000 		.4byte	.LASF22
 702 01d5 03       		.byte	0x3
 703 01d6 C1       		.byte	0xc1
 704 01d7 E1010000 		.4byte	0x1e1
 705 01db 11       		.uleb128 0x11
 706 01dc 80000000 		.4byte	0x80
 707 01e0 00       		.byte	0
 708 01e1 13       		.uleb128 0x13
 709 01e2 17000000 		.4byte	.LASF29
 710 01e6 04       		.byte	0x4
 711 01e7 9F       		.byte	0x9f
 712 01e8 11       		.uleb128 0x11
 713 01e9 8C000000 		.4byte	0x8c
 714 01ed 00       		.byte	0
ARM GAS  C:\Users\simon\AppData\Local\Temp\ccfp7L8W.s 			page 20


 715 01ee 00       		.byte	0
 716              		.section	.debug_abbrev,"",%progbits
 717              	.Ldebug_abbrev0:
 718 0000 01       		.uleb128 0x1
 719 0001 11       		.uleb128 0x11
 720 0002 01       		.byte	0x1
 721 0003 25       		.uleb128 0x25
 722 0004 0E       		.uleb128 0xe
 723 0005 13       		.uleb128 0x13
 724 0006 0B       		.uleb128 0xb
 725 0007 03       		.uleb128 0x3
 726 0008 0E       		.uleb128 0xe
 727 0009 1B       		.uleb128 0x1b
 728 000a 0E       		.uleb128 0xe
 729 000b 55       		.uleb128 0x55
 730 000c 17       		.uleb128 0x17
 731 000d 11       		.uleb128 0x11
 732 000e 01       		.uleb128 0x1
 733 000f 10       		.uleb128 0x10
 734 0010 17       		.uleb128 0x17
 735 0011 00       		.byte	0
 736 0012 00       		.byte	0
 737 0013 02       		.uleb128 0x2
 738 0014 24       		.uleb128 0x24
 739 0015 00       		.byte	0
 740 0016 0B       		.uleb128 0xb
 741 0017 0B       		.uleb128 0xb
 742 0018 3E       		.uleb128 0x3e
 743 0019 0B       		.uleb128 0xb
 744 001a 03       		.uleb128 0x3
 745 001b 08       		.uleb128 0x8
 746 001c 00       		.byte	0
 747 001d 00       		.byte	0
 748 001e 03       		.uleb128 0x3
 749 001f 24       		.uleb128 0x24
 750 0020 00       		.byte	0
 751 0021 0B       		.uleb128 0xb
 752 0022 0B       		.uleb128 0xb
 753 0023 3E       		.uleb128 0x3e
 754 0024 0B       		.uleb128 0xb
 755 0025 03       		.uleb128 0x3
 756 0026 0E       		.uleb128 0xe
 757 0027 00       		.byte	0
 758 0028 00       		.byte	0
 759 0029 04       		.uleb128 0x4
 760 002a 0F       		.uleb128 0xf
 761 002b 00       		.byte	0
 762 002c 0B       		.uleb128 0xb
 763 002d 0B       		.uleb128 0xb
 764 002e 49       		.uleb128 0x49
 765 002f 13       		.uleb128 0x13
 766 0030 00       		.byte	0
 767 0031 00       		.byte	0
 768 0032 05       		.uleb128 0x5
 769 0033 15       		.uleb128 0x15
 770 0034 00       		.byte	0
 771 0035 27       		.uleb128 0x27
ARM GAS  C:\Users\simon\AppData\Local\Temp\ccfp7L8W.s 			page 21


 772 0036 19       		.uleb128 0x19
 773 0037 00       		.byte	0
 774 0038 00       		.byte	0
 775 0039 06       		.uleb128 0x6
 776 003a 16       		.uleb128 0x16
 777 003b 00       		.byte	0
 778 003c 03       		.uleb128 0x3
 779 003d 0E       		.uleb128 0xe
 780 003e 3A       		.uleb128 0x3a
 781 003f 0B       		.uleb128 0xb
 782 0040 3B       		.uleb128 0x3b
 783 0041 05       		.uleb128 0x5
 784 0042 49       		.uleb128 0x49
 785 0043 13       		.uleb128 0x13
 786 0044 00       		.byte	0
 787 0045 00       		.byte	0
 788 0046 07       		.uleb128 0x7
 789 0047 35       		.uleb128 0x35
 790 0048 00       		.byte	0
 791 0049 49       		.uleb128 0x49
 792 004a 13       		.uleb128 0x13
 793 004b 00       		.byte	0
 794 004c 00       		.byte	0
 795 004d 08       		.uleb128 0x8
 796 004e 2E       		.uleb128 0x2e
 797 004f 01       		.byte	0x1
 798 0050 03       		.uleb128 0x3
 799 0051 0E       		.uleb128 0xe
 800 0052 3A       		.uleb128 0x3a
 801 0053 0B       		.uleb128 0xb
 802 0054 3B       		.uleb128 0x3b
 803 0055 0B       		.uleb128 0xb
 804 0056 27       		.uleb128 0x27
 805 0057 19       		.uleb128 0x19
 806 0058 11       		.uleb128 0x11
 807 0059 01       		.uleb128 0x1
 808 005a 12       		.uleb128 0x12
 809 005b 06       		.uleb128 0x6
 810 005c 40       		.uleb128 0x40
 811 005d 18       		.uleb128 0x18
 812 005e 9742     		.uleb128 0x2117
 813 0060 19       		.uleb128 0x19
 814 0061 01       		.uleb128 0x1
 815 0062 13       		.uleb128 0x13
 816 0063 00       		.byte	0
 817 0064 00       		.byte	0
 818 0065 09       		.uleb128 0x9
 819 0066 898201   		.uleb128 0x4109
 820 0069 01       		.byte	0x1
 821 006a 11       		.uleb128 0x11
 822 006b 01       		.uleb128 0x1
 823 006c 31       		.uleb128 0x31
 824 006d 13       		.uleb128 0x13
 825 006e 01       		.uleb128 0x1
 826 006f 13       		.uleb128 0x13
 827 0070 00       		.byte	0
 828 0071 00       		.byte	0
ARM GAS  C:\Users\simon\AppData\Local\Temp\ccfp7L8W.s 			page 22


 829 0072 0A       		.uleb128 0xa
 830 0073 8A8201   		.uleb128 0x410a
 831 0076 00       		.byte	0
 832 0077 02       		.uleb128 0x2
 833 0078 18       		.uleb128 0x18
 834 0079 9142     		.uleb128 0x2111
 835 007b 18       		.uleb128 0x18
 836 007c 00       		.byte	0
 837 007d 00       		.byte	0
 838 007e 0B       		.uleb128 0xb
 839 007f 898201   		.uleb128 0x4109
 840 0082 01       		.byte	0x1
 841 0083 11       		.uleb128 0x11
 842 0084 01       		.uleb128 0x1
 843 0085 31       		.uleb128 0x31
 844 0086 13       		.uleb128 0x13
 845 0087 00       		.byte	0
 846 0088 00       		.byte	0
 847 0089 0C       		.uleb128 0xc
 848 008a 2E       		.uleb128 0x2e
 849 008b 01       		.byte	0x1
 850 008c 3F       		.uleb128 0x3f
 851 008d 19       		.uleb128 0x19
 852 008e 03       		.uleb128 0x3
 853 008f 0E       		.uleb128 0xe
 854 0090 3A       		.uleb128 0x3a
 855 0091 0B       		.uleb128 0xb
 856 0092 3B       		.uleb128 0x3b
 857 0093 05       		.uleb128 0x5
 858 0094 27       		.uleb128 0x27
 859 0095 19       		.uleb128 0x19
 860 0096 11       		.uleb128 0x11
 861 0097 01       		.uleb128 0x1
 862 0098 12       		.uleb128 0x12
 863 0099 06       		.uleb128 0x6
 864 009a 40       		.uleb128 0x40
 865 009b 18       		.uleb128 0x18
 866 009c 9742     		.uleb128 0x2117
 867 009e 19       		.uleb128 0x19
 868 009f 01       		.uleb128 0x1
 869 00a0 13       		.uleb128 0x13
 870 00a1 00       		.byte	0
 871 00a2 00       		.byte	0
 872 00a3 0D       		.uleb128 0xd
 873 00a4 05       		.uleb128 0x5
 874 00a5 00       		.byte	0
 875 00a6 03       		.uleb128 0x3
 876 00a7 0E       		.uleb128 0xe
 877 00a8 3A       		.uleb128 0x3a
 878 00a9 0B       		.uleb128 0xb
 879 00aa 3B       		.uleb128 0x3b
 880 00ab 05       		.uleb128 0x5
 881 00ac 49       		.uleb128 0x49
 882 00ad 13       		.uleb128 0x13
 883 00ae 02       		.uleb128 0x2
 884 00af 18       		.uleb128 0x18
 885 00b0 00       		.byte	0
ARM GAS  C:\Users\simon\AppData\Local\Temp\ccfp7L8W.s 			page 23


 886 00b1 00       		.byte	0
 887 00b2 0E       		.uleb128 0xe
 888 00b3 34       		.uleb128 0x34
 889 00b4 00       		.byte	0
 890 00b5 03       		.uleb128 0x3
 891 00b6 0E       		.uleb128 0xe
 892 00b7 3A       		.uleb128 0x3a
 893 00b8 0B       		.uleb128 0xb
 894 00b9 3B       		.uleb128 0x3b
 895 00ba 05       		.uleb128 0x5
 896 00bb 49       		.uleb128 0x49
 897 00bc 13       		.uleb128 0x13
 898 00bd 02       		.uleb128 0x2
 899 00be 17       		.uleb128 0x17
 900 00bf 00       		.byte	0
 901 00c0 00       		.byte	0
 902 00c1 0F       		.uleb128 0xf
 903 00c2 898201   		.uleb128 0x4109
 904 00c5 00       		.byte	0
 905 00c6 11       		.uleb128 0x11
 906 00c7 01       		.uleb128 0x1
 907 00c8 31       		.uleb128 0x31
 908 00c9 13       		.uleb128 0x13
 909 00ca 00       		.byte	0
 910 00cb 00       		.byte	0
 911 00cc 10       		.uleb128 0x10
 912 00cd 2E       		.uleb128 0x2e
 913 00ce 01       		.byte	0x1
 914 00cf 3F       		.uleb128 0x3f
 915 00d0 19       		.uleb128 0x19
 916 00d1 03       		.uleb128 0x3
 917 00d2 0E       		.uleb128 0xe
 918 00d3 3A       		.uleb128 0x3a
 919 00d4 0B       		.uleb128 0xb
 920 00d5 3B       		.uleb128 0x3b
 921 00d6 0B       		.uleb128 0xb
 922 00d7 27       		.uleb128 0x27
 923 00d8 19       		.uleb128 0x19
 924 00d9 3C       		.uleb128 0x3c
 925 00da 19       		.uleb128 0x19
 926 00db 01       		.uleb128 0x1
 927 00dc 13       		.uleb128 0x13
 928 00dd 00       		.byte	0
 929 00de 00       		.byte	0
 930 00df 11       		.uleb128 0x11
 931 00e0 05       		.uleb128 0x5
 932 00e1 00       		.byte	0
 933 00e2 49       		.uleb128 0x49
 934 00e3 13       		.uleb128 0x13
 935 00e4 00       		.byte	0
 936 00e5 00       		.byte	0
 937 00e6 12       		.uleb128 0x12
 938 00e7 2E       		.uleb128 0x2e
 939 00e8 01       		.byte	0x1
 940 00e9 3F       		.uleb128 0x3f
 941 00ea 19       		.uleb128 0x19
 942 00eb 03       		.uleb128 0x3
ARM GAS  C:\Users\simon\AppData\Local\Temp\ccfp7L8W.s 			page 24


 943 00ec 0E       		.uleb128 0xe
 944 00ed 3A       		.uleb128 0x3a
 945 00ee 0B       		.uleb128 0xb
 946 00ef 3B       		.uleb128 0x3b
 947 00f0 0B       		.uleb128 0xb
 948 00f1 27       		.uleb128 0x27
 949 00f2 19       		.uleb128 0x19
 950 00f3 49       		.uleb128 0x49
 951 00f4 13       		.uleb128 0x13
 952 00f5 3C       		.uleb128 0x3c
 953 00f6 19       		.uleb128 0x19
 954 00f7 01       		.uleb128 0x1
 955 00f8 13       		.uleb128 0x13
 956 00f9 00       		.byte	0
 957 00fa 00       		.byte	0
 958 00fb 13       		.uleb128 0x13
 959 00fc 2E       		.uleb128 0x2e
 960 00fd 01       		.byte	0x1
 961 00fe 3F       		.uleb128 0x3f
 962 00ff 19       		.uleb128 0x19
 963 0100 03       		.uleb128 0x3
 964 0101 0E       		.uleb128 0xe
 965 0102 3A       		.uleb128 0x3a
 966 0103 0B       		.uleb128 0xb
 967 0104 3B       		.uleb128 0x3b
 968 0105 0B       		.uleb128 0xb
 969 0106 27       		.uleb128 0x27
 970 0107 19       		.uleb128 0x19
 971 0108 3C       		.uleb128 0x3c
 972 0109 19       		.uleb128 0x19
 973 010a 00       		.byte	0
 974 010b 00       		.byte	0
 975 010c 00       		.byte	0
 976              		.section	.debug_loc,"",%progbits
 977              	.Ldebug_loc0:
 978              	.LLST0:
 979 0000 04000000 		.4byte	.LVL5
 980 0004 12000000 		.4byte	.LVL7
 981 0008 0100     		.2byte	0x1
 982 000a 53       		.byte	0x53
 983 000b 14000000 		.4byte	.LVL8
 984 000f 20000000 		.4byte	.LFE6
 985 0013 0100     		.2byte	0x1
 986 0015 53       		.byte	0x53
 987 0016 00000000 		.4byte	0
 988 001a 00000000 		.4byte	0
 989              		.section	.debug_aranges,"",%progbits
 990 0000 34000000 		.4byte	0x34
 991 0004 0200     		.2byte	0x2
 992 0006 00000000 		.4byte	.Ldebug_info0
 993 000a 04       		.byte	0x4
 994 000b 00       		.byte	0
 995 000c 0000     		.2byte	0
 996 000e 0000     		.2byte	0
 997 0010 00000000 		.4byte	.LFB4
 998 0014 18010000 		.4byte	.LFE4-.LFB4
 999 0018 00000000 		.4byte	.LFB6
ARM GAS  C:\Users\simon\AppData\Local\Temp\ccfp7L8W.s 			page 25


 1000 001c 20000000 		.4byte	.LFE6-.LFB6
 1001 0020 00000000 		.4byte	.LFB5
 1002 0024 E0000000 		.4byte	.LFE5-.LFB5
 1003 0028 18010000 		.4byte	.LFB7
 1004 002c C4000000 		.4byte	.LFE7-.LFB7
 1005 0030 00000000 		.4byte	0
 1006 0034 00000000 		.4byte	0
 1007              		.section	.debug_ranges,"",%progbits
 1008              	.Ldebug_ranges0:
 1009 0000 00000000 		.4byte	.LFB4
 1010 0004 18010000 		.4byte	.LFE4
 1011 0008 00000000 		.4byte	.LFB6
 1012 000c 20000000 		.4byte	.LFE6
 1013 0010 00000000 		.4byte	.LFB5
 1014 0014 E0000000 		.4byte	.LFE5
 1015 0018 18010000 		.4byte	.LFB7
 1016 001c DC010000 		.4byte	.LFE7
 1017 0020 00000000 		.4byte	0
 1018 0024 00000000 		.4byte	0
 1019              		.section	.debug_line,"",%progbits
 1020              	.Ldebug_line0:
 1021 0000 EE000000 		.section	.debug_str,"MS",%progbits,1
 1021      02006300 
 1021      00000201 
 1021      FB0E0D00 
 1021      01010101 
 1022              	.LASF15:
 1023 0000 72656733 		.ascii	"reg32\000"
 1023      3200
 1024              	.LASF18:
 1025 0006 416E616C 		.ascii	"AnalogSetDefault\000"
 1025      6F675365 
 1025      74446566 
 1025      61756C74 
 1025      00
 1026              	.LASF29:
 1027 0017 43795379 		.ascii	"CySysClkSetTimerSource\000"
 1027      73436C6B 
 1027      53657454 
 1027      696D6572 
 1027      536F7572 
 1028              	.LASF28:
 1029 002e 4379496E 		.ascii	"CyIntSetVector\000"
 1029      74536574 
 1029      56656374 
 1029      6F7200
 1030              	.LASF17:
 1031 003d 436C6F63 		.ascii	"ClockSetup\000"
 1031      6B536574 
 1031      757000
 1032              	.LASF4:
 1033 0048 73686F72 		.ascii	"short unsigned int\000"
 1033      7420756E 
 1033      7369676E 
 1033      65642069 
 1033      6E7400
 1034              	.LASF13:
ARM GAS  C:\Users\simon\AppData\Local\Temp\ccfp7L8W.s 			page 26


 1035 005b 666C6F61 		.ascii	"float\000"
 1035      7400
 1036              	.LASF2:
 1037 0061 756E7369 		.ascii	"unsigned char\000"
 1037      676E6564 
 1037      20636861 
 1037      7200
 1038              	.LASF23:
 1039 006f 474E5520 		.ascii	"GNU C 4.9.3 20150303 (release) [ARM/embedded-4_9-br"
 1039      4320342E 
 1039      392E3320 
 1039      32303135 
 1039      30333033 
 1040 00a2 616E6368 		.ascii	"anch revision 221220] -mcpu=cortex-m0plus -mthumb -"
 1040      20726576 
 1040      6973696F 
 1040      6E203232 
 1040      31323230 
 1041 00d5 67202D4F 		.ascii	"g -Og -ffunction-sections -ffat-lto-objects\000"
 1041      67202D66 
 1041      66756E63 
 1041      74696F6E 
 1041      2D736563 
 1042              	.LASF6:
 1043 0101 6C6F6E67 		.ascii	"long unsigned int\000"
 1043      20756E73 
 1043      69676E65 
 1043      6420696E 
 1043      7400
 1044              	.LASF11:
 1045 0113 75696E74 		.ascii	"uint8\000"
 1045      3800
 1046              	.LASF20:
 1047 0119 63796669 		.ascii	"cyfitter_cfg\000"
 1047      74746572 
 1047      5F636667 
 1047      00
 1048              	.LASF19:
 1049 0126 53657441 		.ascii	"SetAnalogRoutingPumps\000"
 1049      6E616C6F 
 1049      67526F75 
 1049      74696E67 
 1049      50756D70 
 1050              	.LASF14:
 1051 013c 646F7562 		.ascii	"double\000"
 1051      6C6500
 1052              	.LASF22:
 1053 0143 4379496E 		.ascii	"CyIntEnable\000"
 1053      74456E61 
 1053      626C6500 
 1054              	.LASF12:
 1055 014f 75696E74 		.ascii	"uint32\000"
 1055      333200
 1056              	.LASF0:
 1057 0156 756E7369 		.ascii	"unsigned int\000"
 1057      676E6564 
 1057      20696E74 
ARM GAS  C:\Users\simon\AppData\Local\Temp\ccfp7L8W.s 			page 27


 1057      00
 1058              	.LASF8:
 1059 0163 6C6F6E67 		.ascii	"long long unsigned int\000"
 1059      206C6F6E 
 1059      6720756E 
 1059      7369676E 
 1059      65642069 
 1060              	.LASF16:
 1061 017a 63796973 		.ascii	"cyisraddress\000"
 1061      72616464 
 1061      72657373 
 1061      00
 1062              	.LASF24:
 1063 0187 2E5C4765 		.ascii	".\\Generated_Source\\PSoC4\\cyfitter_cfg.c\000"
 1063      6E657261 
 1063      7465645F 
 1063      536F7572 
 1063      63655C50 
 1064              	.LASF9:
 1065 01af 73697A65 		.ascii	"sizetype\000"
 1065      74797065 
 1065      00
 1066              	.LASF7:
 1067 01b8 6C6F6E67 		.ascii	"long long int\000"
 1067      206C6F6E 
 1067      6720696E 
 1067      7400
 1068              	.LASF10:
 1069 01c6 63686172 		.ascii	"char\000"
 1069      00
 1070              	.LASF26:
 1071 01cb 656E6162 		.ascii	"enabled\000"
 1071      6C656400 
 1072              	.LASF3:
 1073 01d3 73686F72 		.ascii	"short int\000"
 1073      7420696E 
 1073      7400
 1074              	.LASF21:
 1075 01dd 43795379 		.ascii	"CySysClkWriteImoFreq\000"
 1075      73436C6B 
 1075      57726974 
 1075      65496D6F 
 1075      46726571 
 1076              	.LASF5:
 1077 01f2 6C6F6E67 		.ascii	"long int\000"
 1077      20696E74 
 1077      00
 1078              	.LASF25:
 1079 01fb 443A5C44 		.ascii	"D:\\Dolgaim\\MCU\\Cypress PSoC\\Git\\Lighting_with_"
 1079      6F6C6761 
 1079      696D5C4D 
 1079      43555C43 
 1079      79707265 
 1080 0229 50536F43 		.ascii	"PSoC_ACP.cydsn\000"
 1080      5F414350 
 1080      2E637964 
 1080      736E00
ARM GAS  C:\Users\simon\AppData\Local\Temp\ccfp7L8W.s 			page 28


 1081              	.LASF1:
 1082 0238 7369676E 		.ascii	"signed char\000"
 1082      65642063 
 1082      68617200 
 1083              	.LASF27:
 1084 0244 72656756 		.ascii	"regValue\000"
 1084      616C7565 
 1084      00
 1085              		.ident	"GCC: (GNU Tools for ARM Embedded Processors) 4.9.3 20150303 (release) [ARM/embedded-4_9-br
